  [4;36;1mSQL (0.2ms)[0m   [0;1m SELECT name
 FROM sqlite_master
 WHERE type = 'table' AND NOT name = 'sqlite_sequence'
[0m
  [4;35;1mSQL (15.1ms)[0m   [0mselect sqlite_version(*)[0m
  [4;36;1mSQL (3.1ms)[0m   [0;1mCREATE TABLE "schema_migrations" ("version" varchar(255) NOT NULL) [0m
  [4;35;1mSQL (3.3ms)[0m   [0mCREATE UNIQUE INDEX "unique_schema_migrations" ON "schema_migrations" ("version")[0m
  [4;36;1mSQL (0.3ms)[0m   [0;1m SELECT name
 FROM sqlite_master
 WHERE type = 'table' AND NOT name = 'sqlite_sequence'
[0m
  [4;35;1mSQL (0.1ms)[0m   [0mSELECT version FROM schema_migrations[0m
Migrating to CreateUsers (20090519145233)
  [4;36;1mSQL (0.6ms)[0m   [0;1mCREATE TABLE "users" ("id" INTEGER PRIMARY KEY AUTOINCREMENT NOT NULL, "name" varchar(255), "access_level" integer, "gmt_offset" integer, "created_at" datetime, "updated_at" datetime) [0m
  [4;35;1mSQL (3.6ms)[0m   [0mINSERT INTO schema_migrations (version) VALUES ('20090519145233')[0m
  [4;36;1mSQL (0.4ms)[0m   [0;1m SELECT name
 FROM sqlite_master
 WHERE type = 'table' AND NOT name = 'sqlite_sequence'
[0m
  [4;35;1mSQL (0.2ms)[0m   [0mSELECT version FROM schema_migrations[0m
  [4;36;1mSQL (0.3ms)[0m   [0;1m SELECT name
 FROM sqlite_master
 WHERE type = 'table' AND NOT name = 'sqlite_sequence'
[0m
  [4;35;1mSQL (0.1ms)[0m   [0mPRAGMA index_list("users")[0m


Processing UsersController#index (for 127.0.0.1 at 2009-05-19 09:53:19) [GET]
  [4;36;1mUser Load (0.4ms)[0m   [0;1mSELECT * FROM "users" [0m
Rendering template within layouts/users
Rendering users/index
Completed in 46ms (View: 41, DB: 0) | 200 OK [http://localhost/users]


Processing UsersController#new (for 127.0.0.1 at 2009-05-19 09:53:22) [GET]
Rendering template within layouts/users
Rendering users/new
Completed in 12ms (View: 7, DB: 0) | 200 OK [http://localhost/users/new]


Processing UsersController#create (for 127.0.0.1 at 2009-05-19 09:53:55) [POST]
  Parameters: {"user"=>{"name"=>"mrnicksgirl", "gmt_offset"=>"-5", "access_level"=>"1"}, "commit"=>"Create", "authenticity_token"=>"2BtIL5yVovPc7FMnsOhiCFJaExgnSmfTgIuaPKQ5kG8="}
  [4;35;1mUser Create (0.9ms)[0m   [0mINSERT INTO "users" ("name", "updated_at", "gmt_offset", "access_level", "created_at") VALUES('mrnicksgirl', '2009-05-19 14:53:55', -5, 1, '2009-05-19 14:53:55')[0m
Redirected to http://localhost:3000/users/1
Completed in 73ms (DB: 1) | 302 Found [http://localhost/users]


Processing UsersController#show (for 127.0.0.1 at 2009-05-19 09:53:55) [GET]
  Parameters: {"id"=>"1"}
  [4;36;1mUser Load (0.2ms)[0m   [0;1mSELECT * FROM "users" WHERE ("users"."id" = 1) [0m
Rendering template within layouts/users
Rendering users/show
Completed in 10ms (View: 5, DB: 0) | 200 OK [http://localhost/users/1]


Processing UsersController#index (for 127.0.0.1 at 2009-05-19 09:53:58) [GET]
  [4;35;1mUser Load (0.4ms)[0m   [0mSELECT * FROM "users" [0m
Rendering template within layouts/users
Rendering users/index
Completed in 8ms (View: 4, DB: 0) | 200 OK [http://localhost/users]


Processing UsersController#new (for 127.0.0.1 at 2009-05-19 09:53:59) [GET]
Rendering template within layouts/users
Rendering users/new
Completed in 9ms (View: 3, DB: 0) | 200 OK [http://localhost/users/new]


Processing UsersController#create (for 127.0.0.1 at 2009-05-19 09:54:13) [POST]
  Parameters: {"user"=>{"name"=>"mrnickdotcom", "gmt_offset"=>"-5", "access_level"=>"2"}, "commit"=>"Create", "authenticity_token"=>"2BtIL5yVovPc7FMnsOhiCFJaExgnSmfTgIuaPKQ5kG8="}
  [4;36;1mUser Create (0.4ms)[0m   [0;1mINSERT INTO "users" ("name", "updated_at", "gmt_offset", "access_level", "created_at") VALUES('mrnickdotcom', '2009-05-19 14:54:13', -5, 2, '2009-05-19 14:54:13')[0m
Redirected to http://localhost:3000/users/2
Completed in 14ms (DB: 0) | 302 Found [http://localhost/users]


Processing UsersController#show (for 127.0.0.1 at 2009-05-19 09:54:13) [GET]
  Parameters: {"id"=>"2"}
  [4;35;1mUser Load (0.2ms)[0m   [0mSELECT * FROM "users" WHERE ("users"."id" = 2) [0m
Rendering template within layouts/users
Rendering users/show
Completed in 7ms (View: 2, DB: 0) | 200 OK [http://localhost/users/2]


Processing UsersController#index (for 127.0.0.1 at 2009-05-19 09:54:15) [GET]
  [4;36;1mUser Load (0.5ms)[0m   [0;1mSELECT * FROM "users" [0m
Rendering template within layouts/users
Rendering users/index
Completed in 9ms (View: 4, DB: 1) | 200 OK [http://localhost/users]
  [4;36;1mUser Load (0.4ms)[0m   [0;1mSELECT * FROM "users" WHERE ("users"."id" = 1) [0m
  [4;35;1mCharacter Load (0.0ms)[0m   [0mSQLite3::SQLException: no such table: characters: SELECT * FROM "characters" WHERE ("characters".user_id = 1) [0m
  [4;36;1mSQL (0.5ms)[0m   [0;1m SELECT name
 FROM sqlite_master
 WHERE type = 'table' AND NOT name = 'sqlite_sequence'
[0m
  [4;35;1mSQL (0.1ms)[0m   [0mSELECT version FROM schema_migrations[0m
Migrating to CreateUsers (20090519145233)
Migrating to CreateCharacters (20090519224040)
  [4;36;1mSQL (0.1ms)[0m   [0;1mselect sqlite_version(*)[0m
  [4;35;1mSQL (0.6ms)[0m   [0mCREATE TABLE "characters" ("id" INTEGER PRIMARY KEY AUTOINCREMENT NOT NULL, "user_id" integer, "character_name" varchar(255), "character_level" integer, "character_spec_1_name" varchar(255), "character_spec_1_utility" varchar(255), "character_spec_2_name" varchar(255), "character_spec_2_utility" varchar(255), "character_profession_1" varchar(255), "character_profession_2" varchar(255), "created_at" datetime, "updated_at" datetime) [0m
  [4;36;1mSQL (0.1ms)[0m   [0;1mINSERT INTO schema_migrations (version) VALUES ('20090519224040')[0m
  [4;35;1mSQL (0.3ms)[0m   [0m SELECT name
 FROM sqlite_master
 WHERE type = 'table' AND NOT name = 'sqlite_sequence'
[0m
  [4;36;1mSQL (0.1ms)[0m   [0;1mSELECT version FROM schema_migrations[0m
  [4;35;1mSQL (0.2ms)[0m   [0m SELECT name
 FROM sqlite_master
 WHERE type = 'table' AND NOT name = 'sqlite_sequence'
[0m
  [4;36;1mSQL (0.1ms)[0m   [0;1mPRAGMA index_list("characters")[0m
  [4;35;1mSQL (0.0ms)[0m   [0mPRAGMA index_list("users")[0m
  [4;36;1mUser Load (0.3ms)[0m   [0;1mSELECT * FROM "users" WHERE ("users"."id" = 1) [0m
  [4;35;1mCharacter Load (0.2ms)[0m   [0mSELECT * FROM "characters" WHERE ("characters".user_id = 1) [0m
  [4;36;1mCharacter Create (0.8ms)[0m   [0;1mINSERT INTO "characters" ("updated_at", "character_level", "character_name", "character_spec_2_name", "character_spec_1_name", "user_id", "character_profession_1", "character_spec_1_utility", "character_profession_2", "character_spec_2_utility", "created_at") VALUES('2009-05-20 04:34:33', NULL, 'Marak', NULL, NULL, 1, NULL, NULL, NULL, NULL, '2009-05-20 04:34:33')[0m
  [4;36;1mSQL (10.9ms)[0m   [0;1m SELECT name
 FROM sqlite_master
 WHERE type = 'table' AND NOT name = 'sqlite_sequence'
[0m
  [4;35;1mSQL (0.5ms)[0m   [0mSELECT version FROM schema_migrations[0m
  [4;36;1mSQL (0.3ms)[0m   [0;1m SELECT name
 FROM sqlite_master
 WHERE type = 'table' AND NOT name = 'sqlite_sequence'
[0m
  [4;35;1mSQL (0.3ms)[0m   [0mSELECT version FROM schema_migrations[0m
Migrating to CreateCharacters (20090519224040)
  [4;36;1mSQL (0.1ms)[0m   [0;1mselect sqlite_version(*)[0m
  [4;35;1mSQL (0.7ms)[0m   [0mDROP TABLE "characters"[0m
  [4;36;1mSQL (0.2ms)[0m   [0;1mDELETE FROM schema_migrations WHERE version = '20090519224040'[0m
Migrating to CreateUsers (20090519145233)
  [4;35;1mSQL (0.6ms)[0m   [0mDROP TABLE "users"[0m
  [4;36;1mSQL (0.1ms)[0m   [0;1mDELETE FROM schema_migrations WHERE version = '20090519145233'[0m
  [4;35;1mSQL (0.4ms)[0m   [0m SELECT name
 FROM sqlite_master
 WHERE type = 'table' AND NOT name = 'sqlite_sequence'
[0m
  [4;36;1mSQL (0.1ms)[0m   [0;1mSELECT version FROM schema_migrations[0m
  [4;35;1mSQL (0.2ms)[0m   [0m SELECT name
 FROM sqlite_master
 WHERE type = 'table' AND NOT name = 'sqlite_sequence'
[0m
  [4;36;1mSQL (0.5ms)[0m   [0;1m SELECT name
 FROM sqlite_master
 WHERE type = 'table' AND NOT name = 'sqlite_sequence'
[0m
  [4;35;1mSQL (0.1ms)[0m   [0mSELECT version FROM schema_migrations[0m
Migrating to CreateUsers (20090519145233)
  [4;36;1mSQL (0.1ms)[0m   [0;1mselect sqlite_version(*)[0m
  [4;35;1mSQL (0.7ms)[0m   [0mCREATE TABLE "users" ("id" INTEGER PRIMARY KEY AUTOINCREMENT NOT NULL, "name" varchar(255), "username" varchar(255), "email" varchar(255), "crypted_password" varchar(255), "password_salt" varchar(255), "persistance_token" varchar(255), "access_level" integer, "gmt_offset" integer, "created_at" datetime, "updated_at" datetime) [0m
  [4;36;1mSQL (0.2ms)[0m   [0;1mINSERT INTO schema_migrations (version) VALUES ('20090519145233')[0m
Migrating to CreateCharacters (20090519224040)
  [4;35;1mSQL (0.6ms)[0m   [0mCREATE TABLE "characters" ("id" INTEGER PRIMARY KEY AUTOINCREMENT NOT NULL, "user_id" integer, "character_name" varchar(255), "character_level" integer, "character_spec_1_name" varchar(255), "character_spec_1_utility" varchar(255), "character_spec_2_name" varchar(255), "character_spec_2_utility" varchar(255), "character_profession_1" varchar(255), "character_profession_2" varchar(255), "created_at" datetime, "updated_at" datetime) [0m
  [4;36;1mSQL (0.2ms)[0m   [0;1mINSERT INTO schema_migrations (version) VALUES ('20090519224040')[0m
  [4;35;1mSQL (0.3ms)[0m   [0m SELECT name
 FROM sqlite_master
 WHERE type = 'table' AND NOT name = 'sqlite_sequence'
[0m
  [4;36;1mSQL (0.2ms)[0m   [0;1mSELECT version FROM schema_migrations[0m
  [4;35;1mSQL (0.2ms)[0m   [0m SELECT name
 FROM sqlite_master
 WHERE type = 'table' AND NOT name = 'sqlite_sequence'
[0m
  [4;36;1mSQL (0.1ms)[0m   [0;1mPRAGMA index_list("characters")[0m
  [4;35;1mSQL (0.1ms)[0m   [0mPRAGMA index_list("users")[0m
  [4;36;1mSQL (0.5ms)[0m   [0;1m SELECT name
 FROM sqlite_master
 WHERE type = 'table' AND NOT name = 'sqlite_sequence'
[0m
  [4;35;1mSQL (0.2ms)[0m   [0mSELECT version FROM schema_migrations[0m
Migrating to CreateUsers (20090519145233)
Migrating to CreateCharacters (20090519224040)
  [4;36;1mSQL (0.1ms)[0m   [0;1mselect sqlite_version(*)[0m
  [4;35;1mSQL (0.2ms)[0m   [0m SELECT name
 FROM sqlite_master
 WHERE type = 'table' AND NOT name = 'sqlite_sequence'
[0m
  [4;36;1mSQL (0.1ms)[0m   [0;1mSELECT version FROM schema_migrations[0m
  [4;35;1mSQL (0.2ms)[0m   [0m SELECT name
 FROM sqlite_master
 WHERE type = 'table' AND NOT name = 'sqlite_sequence'
[0m
  [4;36;1mSQL (0.0ms)[0m   [0;1mPRAGMA index_list("characters")[0m
  [4;35;1mSQL (0.0ms)[0m   [0mPRAGMA index_list("users")[0m


Processing UsersController#index (for 127.0.0.1 at 2009-05-20 22:05:28) [GET]
  [4;36;1mSQL (0.7ms)[0m   [0;1m SELECT name
 FROM sqlite_master
 WHERE type = 'table' AND NOT name = 'sqlite_sequence'
[0m
  [4;35;1mSQL (0.4ms)[0m   [0m SELECT name
 FROM sqlite_master
 WHERE type = 'table' AND NOT name = 'sqlite_sequence'
[0m

NameError (undefined local variable or method `acts_as_authenticated' for #<Class:0x19d17a4>):
  app/models/user.rb:2
  app/controllers/users_controller.rb:5:in `index'

Rendered rescues/_trace (87.5ms)
Rendered rescues/_request_and_response (1.7ms)
Rendering rescues/layout (internal_server_error)


Processing UsersController#index (for 127.0.0.1 at 2009-05-20 22:06:59) [GET]
  [4;36;1mUser Load (0.3ms)[0m   [0;1mSELECT * FROM "users" [0m
Rendering template within layouts/users
Rendering users/index
Completed in 81ms (View: 12, DB: 0) | 200 OK [http://localhost/users]


Processing UsersController#new (for 127.0.0.1 at 2009-05-20 22:07:13) [GET]
Rendering template within layouts/users
Rendering users/new
Completed in 17ms (View: 8, DB: 0) | 200 OK [http://localhost/users/new]


Processing UsersController#new (for 127.0.0.1 at 2009-05-20 22:08:07) [GET]
Rendering template within layouts/users
Rendering users/new

ActionView::TemplateError (wrong number of arguments (0 for 1)) on line #17 of app/views/users/_user.html.erb:
14:     <%= f.text_field :email %>
15:   </p> 
16:   <p>  
17:      <%= form.label :password, "Password" %>  
18:      <%= form.password_field :password %>  
19:   </p>  
20:   <p>  

    app/views/users/_user.html.erb:17:in `form'
    app/views/users/_user.html.erb:17
    app/views/users/_user.html.erb:1
    app/views/users/new.html.erb:3
    app/controllers/users_controller.rb:29:in `new'

Rendered rescues/_trace (52.4ms)
Rendered rescues/_request_and_response (0.3ms)
Rendering rescues/layout (internal_server_error)


Processing UsersController#new (for 127.0.0.1 at 2009-05-20 22:08:52) [GET]
Rendering template within layouts/users
Rendering users/new
Rendered users/_user (5.8ms)
Completed in 19ms (View: 9, DB: 0) | 200 OK [http://localhost/users/new]


Processing UsersController#new (for 127.0.0.1 at 2009-05-20 22:11:43) [GET]

NoMethodError (undefined method `application' for #<UsersController:0x255eb58>):
  app/controllers/users_controller.rb:30:in `new'

Rendered rescues/_trace (39.6ms)
Rendered rescues/_request_and_response (0.2ms)
Rendering rescues/layout (internal_server_error)


Processing ApplicationController#new (for 127.0.0.1 at 2009-05-20 22:11:59) [GET]

NoMethodError (undefined method `layouts' for UsersController:Class):
  app/controllers/users_controller.rb:2

Rendered rescues/_trace (30.7ms)
Rendered rescues/_request_and_response (0.3ms)
Rendering rescues/layout (internal_server_error)


Processing ApplicationController#new (for 127.0.0.1 at 2009-05-20 22:11:59) [GET]

NoMethodError (undefined method `layouts' for UsersController:Class):
  app/controllers/users_controller.rb:2

Rendered rescues/_trace (30.0ms)
Rendered rescues/_request_and_response (0.3ms)
Rendering rescues/layout (internal_server_error)


Processing ApplicationController#new (for 127.0.0.1 at 2009-05-20 22:12:10) [GET]

SyntaxError (/Users/nstowe/Personal/railsdev/readycheck/app/controllers/users_controller.rb:2: syntax error, unexpected ':', expecting kEND
  layout: application 
         ^):
  

Rendered rescues/_trace (29.5ms)
Rendered rescues/_request_and_response (0.3ms)
Rendering rescues/layout (internal_server_error)


Processing UsersController#new (for 127.0.0.1 at 2009-05-20 22:23:59) [GET]
Rendering template within layouts/users
Rendering users/new
Rendered users/_user (3.6ms)
Completed in 14ms (View: 5, DB: 0) | 200 OK [http://localhost/users/new]


Processing UsersController#new (for 127.0.0.1 at 2009-05-20 22:26:24) [GET]

NoMethodError (undefined method `applicaiton' for #<UsersController:0x255e0e0>):
  app/controllers/users_controller.rb:31:in `new'

Rendered rescues/_trace (38.7ms)
Rendered rescues/_request_and_response (0.3ms)
Rendering rescues/layout (internal_server_error)


Processing ApplicationController#new (for 127.0.0.1 at 2009-05-20 22:26:45) [GET]

SyntaxError (/Users/nstowe/Personal/railsdev/readycheck/app/controllers/users_controller.rb:3: syntax error, unexpected '=', expecting kEND):
  

Rendered rescues/_trace (29.3ms)
Rendered rescues/_request_and_response (0.2ms)
Rendering rescues/layout (internal_server_error)


Processing UsersController#new (for 127.0.0.1 at 2009-05-20 22:26:57) [GET]

NoMethodError (undefined method `application' for #<UsersController:0x2552eac>):
  app/controllers/users_controller.rb:31:in `new'

Rendered rescues/_trace (38.4ms)
Rendered rescues/_request_and_response (0.2ms)
Rendering rescues/layout (internal_server_error)


Processing UsersController#new (for 127.0.0.1 at 2009-05-20 22:27:15) [GET]
Rendering template within layouts/application
Rendering users/new
Rendered users/_user (3.7ms)
Completed in 16ms (View: 7, DB: 0) | 200 OK [http://localhost/users/new]


Processing UsersController#new (for 127.0.0.1 at 2009-05-20 22:27:43) [GET]
Rendering template within layouts/users
Rendering users/new
Rendered users/_user (3.6ms)
Completed in 16ms (View: 5, DB: 0) | 200 OK [http://localhost/users/new]


Processing UsersController#new (for 127.0.0.1 at 2009-05-20 22:28:03) [GET]
Rendering template within layouts/application
Rendering users/new
Rendered users/_user (4.0ms)
Completed in 78ms (View: 5, DB: 0) | 200 OK [http://localhost/users/new]


Processing UsersController#new (for 127.0.0.1 at 2009-05-21 16:22:46) [GET]
Rendering template within layouts/users
Rendering users/new
Rendered users/_user (3.8ms)
Completed in 16ms (View: 5, DB: 0) | 200 OK [http://localhost/users/new]


Processing UsersController#new (for 127.0.0.1 at 2009-05-21 16:22:48) [GET]
Rendering template within layouts/users
Rendering users/new
Rendered users/_user (3.6ms)
Completed in 15ms (View: 5, DB: 0) | 200 OK [http://localhost/users/new]


Processing UsersController#new (for 127.0.0.1 at 2009-05-21 16:28:18) [GET]
Rendering template within layouts/application
Rendering users/new
Rendered users/_user (3.7ms)
Completed in 16ms (View: 7, DB: 0) | 200 OK [http://localhost/users/new]


Processing UsersController#new (for 127.0.0.1 at 2009-05-21 16:31:43) [GET]
Rendering template within layouts/application
Rendering users/new
Rendered users/_user (3.6ms)
Completed in 14ms (View: 5, DB: 0) | 200 OK [http://localhost/users/new]


Processing UsersController#new (for 127.0.0.1 at 2009-05-21 16:31:45) [GET]
Rendering template within layouts/application
Rendering users/new
Rendered users/_user (3.6ms)
Completed in 15ms (View: 5, DB: 0) | 200 OK [http://localhost/users/new]


Processing UsersController#new (for 127.0.0.1 at 2009-05-21 16:31:46) [GET]
Rendering template within layouts/application
Rendering users/new
Rendered users/_user (3.6ms)
Completed in 14ms (View: 5, DB: 0) | 200 OK [http://localhost/users/new]


Processing UsersController#index (for 127.0.0.1 at 2009-05-21 16:54:09) [GET]
  Parameters: {"action"=>"index", "controller"=>"users"}
  [4;36;1mUser Load (0.2ms)[0m   [0;1mSELECT * FROM "users" [0m
Rendering template within layouts/application
Rendering users/index
Completed in 27ms (View: 11, DB: 0) | 200 OK [http://localhost/users]


Processing UserSessionsController#new (for 127.0.0.1 at 2009-05-21 16:54:15) [GET]
  Parameters: {"action"=>"new", "controller"=>"user_sessions"}
Rendering template within layouts/application
Rendering user_sessions/new

ActionView::TemplateError (undefined method `title' for #<ActionView::Base:0x246a350>) on line #1 of app/views/user_sessions/new.html.erb:
1:  1. <% title "Log in" %>  
2:  2.   
3:  3. <% form_for @user_session do |form| %>  
4:  4. <%= form.error_messages %>  

    app/views/user_sessions/new.html.erb:1

Rendered rescues/_trace (90.9ms)
Rendered rescues/_request_and_response (1.5ms)
Rendering rescues/layout (internal_server_error)


Processing UserSessionsController#new (for 127.0.0.1 at 2009-05-21 16:58:14) [GET]
  Parameters: {"action"=>"new", "controller"=>"user_sessions"}
Rendering template within layouts/application
Rendering user_sessions/new
Completed in 15ms (View: 5, DB: 0) | 200 OK [http://localhost/login]


Processing UserSessionsController#new (for 127.0.0.1 at 2009-05-21 16:58:30) [GET]
  Parameters: {"action"=>"new", "controller"=>"user_sessions"}
Rendering template within layouts/application
Rendering user_sessions/new
Completed in 15ms (View: 5, DB: 0) | 200 OK [http://localhost/login]


Processing UsersController#new (for 127.0.0.1 at 2009-05-21 16:58:58) [GET]
  Parameters: {"action"=>"new", "controller"=>"users"}
Rendering template within layouts/application
Rendering users/new
Rendered users/_user (6.4ms)
Completed in 25ms (View: 15, DB: 0) | 200 OK [http://localhost/users/new]


Processing UsersController#create (for 127.0.0.1 at 2009-05-21 16:59:23) [POST]
  Parameters: {"user"=>{"name"=>"Nola", "password_confirmation"=>"[FILTERED]", "gmt_offset"=>"-5", "username"=>"nola", "access_level"=>"1", "password"=>"[FILTERED]", "email"=>"mrnicksgirl@gmail.com"}, "commit"=>"Create", "action"=>"create", "authenticity_token"=>"2BtIL5yVovPc7FMnsOhiCFJaExgnSmfTgIuaPKQ5kG8=", "controller"=>"users"}

NoMethodError (undefined method `persistence_token=' for #<User:0x2526974>):
  app/controllers/users_controller.rb:45:in `new'
  app/controllers/users_controller.rb:45:in `create'

Rendered rescues/_trace (39.5ms)
Rendered rescues/_request_and_response (0.3ms)
Rendering rescues/layout (internal_server_error)
  [4;36;1mSQL (0.5ms)[0m   [0;1m SELECT name
 FROM sqlite_master
 WHERE type = 'table' AND NOT name = 'sqlite_sequence'
[0m
  [4;35;1mSQL (0.2ms)[0m   [0mSELECT version FROM schema_migrations[0m
Migrating to CreateUsers (20090519145233)
Migrating to CreateCharacters (20090519224040)
  [4;36;1mSQL (0.1ms)[0m   [0;1mselect sqlite_version(*)[0m
  [4;35;1mSQL (0.2ms)[0m   [0m SELECT name
 FROM sqlite_master
 WHERE type = 'table' AND NOT name = 'sqlite_sequence'
[0m
  [4;36;1mSQL (0.1ms)[0m   [0;1mSELECT version FROM schema_migrations[0m
  [4;35;1mSQL (0.2ms)[0m   [0m SELECT name
 FROM sqlite_master
 WHERE type = 'table' AND NOT name = 'sqlite_sequence'
[0m
  [4;36;1mSQL (0.1ms)[0m   [0;1mPRAGMA index_list("characters")[0m
  [4;35;1mSQL (0.0ms)[0m   [0mPRAGMA index_list("users")[0m
  [4;36;1mSQL (0.5ms)[0m   [0;1m SELECT name
 FROM sqlite_master
 WHERE type = 'table' AND NOT name = 'sqlite_sequence'
[0m
  [4;35;1mSQL (0.2ms)[0m   [0mSELECT version FROM schema_migrations[0m
Migrating to CreateUsers (20090519145233)
Migrating to CreateCharacters (20090519224040)
  [4;36;1mSQL (0.1ms)[0m   [0;1mselect sqlite_version(*)[0m
  [4;35;1mSQL (0.2ms)[0m   [0m SELECT name
 FROM sqlite_master
 WHERE type = 'table' AND NOT name = 'sqlite_sequence'
[0m
  [4;36;1mSQL (0.1ms)[0m   [0;1mSELECT version FROM schema_migrations[0m
  [4;35;1mSQL (0.2ms)[0m   [0m SELECT name
 FROM sqlite_master
 WHERE type = 'table' AND NOT name = 'sqlite_sequence'
[0m
  [4;36;1mSQL (0.0ms)[0m   [0;1mPRAGMA index_list("characters")[0m
  [4;35;1mSQL (0.0ms)[0m   [0mPRAGMA index_list("users")[0m


Processing UsersController#create (for 127.0.0.1 at 2009-05-21 17:05:19) [POST]
  Parameters: {"user"=>{"name"=>"Nola", "password_confirmation"=>"[FILTERED]", "gmt_offset"=>"-5", "username"=>"nola", "access_level"=>"1", "password"=>"[FILTERED]", "email"=>"mrnicksgirl@gmail.com"}, "commit"=>"Create", "action"=>"create", "authenticity_token"=>"2BtIL5yVovPc7FMnsOhiCFJaExgnSmfTgIuaPKQ5kG8=", "controller"=>"users"}

NoMethodError (undefined method `persistence_token=' for #<User:0x24df7f4>):
  app/controllers/users_controller.rb:45:in `new'
  app/controllers/users_controller.rb:45:in `create'

Rendered rescues/_trace (42.1ms)
Rendered rescues/_request_and_response (1.6ms)
Rendering rescues/layout (internal_server_error)
  [4;36;1mSQL (0.5ms)[0m   [0;1m SELECT name
 FROM sqlite_master
 WHERE type = 'table' AND NOT name = 'sqlite_sequence'
[0m
  [4;35;1mSQL (0.2ms)[0m   [0mSELECT version FROM schema_migrations[0m
Migrating to CreateUsers (20090519145233)
Migrating to CreateCharacters (20090519224040)
  [4;36;1mSQL (0.1ms)[0m   [0;1mselect sqlite_version(*)[0m
  [4;35;1mSQL (0.2ms)[0m   [0m SELECT name
 FROM sqlite_master
 WHERE type = 'table' AND NOT name = 'sqlite_sequence'
[0m
  [4;36;1mSQL (0.1ms)[0m   [0;1mSELECT version FROM schema_migrations[0m
  [4;35;1mSQL (0.2ms)[0m   [0m SELECT name
 FROM sqlite_master
 WHERE type = 'table' AND NOT name = 'sqlite_sequence'
[0m
  [4;36;1mSQL (0.1ms)[0m   [0;1mPRAGMA index_list("characters")[0m
  [4;35;1mSQL (0.0ms)[0m   [0mPRAGMA index_list("users")[0m
  [4;36;1mSQL (0.5ms)[0m   [0;1m SELECT name
 FROM sqlite_master
 WHERE type = 'table' AND NOT name = 'sqlite_sequence'
[0m
  [4;35;1mSQL (0.2ms)[0m   [0mSELECT version FROM schema_migrations[0m
Migrating to CreateUsers (20090519145233)
Migrating to CreateCharacters (20090519224040)
  [4;36;1mSQL (0.2ms)[0m   [0;1mselect sqlite_version(*)[0m
  [4;35;1mSQL (0.2ms)[0m   [0m SELECT name
 FROM sqlite_master
 WHERE type = 'table' AND NOT name = 'sqlite_sequence'
[0m
  [4;36;1mSQL (0.1ms)[0m   [0;1mSELECT version FROM schema_migrations[0m
  [4;35;1mSQL (0.2ms)[0m   [0m SELECT name
 FROM sqlite_master
 WHERE type = 'table' AND NOT name = 'sqlite_sequence'
[0m
  [4;36;1mSQL (0.0ms)[0m   [0;1mPRAGMA index_list("characters")[0m
  [4;35;1mSQL (0.0ms)[0m   [0mPRAGMA index_list("users")[0m


Processing UsersController#index (for 127.0.0.1 at 2009-05-21 17:07:32) [GET]
  Parameters: {"action"=>"index", "controller"=>"users"}
  [4;36;1mUser Load (0.2ms)[0m   [0;1mSELECT * FROM "users" [0m
Rendering template within layouts/application
Rendering users/index
Completed in 27ms (View: 11, DB: 0) | 200 OK [http://localhost/users]


Processing UsersController#new (for 127.0.0.1 at 2009-05-21 17:07:34) [GET]
  Parameters: {"action"=>"new", "controller"=>"users"}
Rendering template within layouts/application
Rendering users/new
Rendered users/_user (6.9ms)
Completed in 26ms (View: 16, DB: 0) | 200 OK [http://localhost/users/new]


Processing UsersController#create (for 127.0.0.1 at 2009-05-21 17:09:02) [POST]
  Parameters: {"user"=>{"name"=>"Nola", "password_confirmation"=>"[FILTERED]", "gmt_offset"=>"-6", "username"=>"nola", "access_level"=>"5", "password"=>"[FILTERED]", "email"=>"mrnicksgirl@gmail.com"}, "commit"=>"Create", "action"=>"create", "authenticity_token"=>"2BtIL5yVovPc7FMnsOhiCFJaExgnSmfTgIuaPKQ5kG8=", "controller"=>"users"}

NoMethodError (undefined method `persistence_token=' for #<User:0x2358b38>):
  app/controllers/users_controller.rb:45:in `new'
  app/controllers/users_controller.rb:45:in `create'

Rendered rescues/_trace (108.7ms)
Rendered rescues/_request_and_response (1.7ms)
Rendering rescues/layout (internal_server_error)


Processing UsersController#create (for 127.0.0.1 at 2009-05-21 17:25:05) [POST]
  Parameters: {"user"=>{"name"=>"Nola", "password_confirmation"=>"[FILTERED]", "gmt_offset"=>"-6", "username"=>"nola", "access_level"=>"5", "password"=>"[FILTERED]", "email"=>"mrnicksgirl@gmail.com"}, "commit"=>"Create", "action"=>"create", "authenticity_token"=>"2BtIL5yVovPc7FMnsOhiCFJaExgnSmfTgIuaPKQ5kG8=", "controller"=>"users"}

NoMethodError (undefined method `persistence_token=' for #<User:0x24df7b8>):
  app/controllers/users_controller.rb:45:in `new'
  app/controllers/users_controller.rb:45:in `create'

Rendered rescues/_trace (39.9ms)
Rendered rescues/_request_and_response (1.5ms)
Rendering rescues/layout (internal_server_error)
  [4;36;1mSQL (0.6ms)[0m   [0;1m SELECT name
 FROM sqlite_master
 WHERE type = 'table' AND NOT name = 'sqlite_sequence'
[0m
  [4;35;1mSQL (0.2ms)[0m   [0mSELECT version FROM schema_migrations[0m
Migrating to CreateUsers (20090519145233)
Migrating to CreateCharacters (20090519224040)
  [4;36;1mSQL (0.1ms)[0m   [0;1mselect sqlite_version(*)[0m
  [4;35;1mSQL (0.2ms)[0m   [0m SELECT name
 FROM sqlite_master
 WHERE type = 'table' AND NOT name = 'sqlite_sequence'
[0m
  [4;36;1mSQL (0.1ms)[0m   [0;1mSELECT version FROM schema_migrations[0m
  [4;35;1mSQL (0.2ms)[0m   [0m SELECT name
 FROM sqlite_master
 WHERE type = 'table' AND NOT name = 'sqlite_sequence'
[0m
  [4;36;1mSQL (0.0ms)[0m   [0;1mPRAGMA index_list("characters")[0m
  [4;35;1mSQL (0.0ms)[0m   [0mPRAGMA index_list("users")[0m
  [4;36;1mSQL (0.5ms)[0m   [0;1m SELECT name
 FROM sqlite_master
 WHERE type = 'table' AND NOT name = 'sqlite_sequence'
[0m
  [4;35;1mSQL (0.2ms)[0m   [0mSELECT version FROM schema_migrations[0m
Migrating to CreateUsers (20090519145233)
Migrating to CreateCharacters (20090519224040)
  [4;36;1mSQL (0.1ms)[0m   [0;1mselect sqlite_version(*)[0m
  [4;35;1mSQL (0.2ms)[0m   [0m SELECT name
 FROM sqlite_master
 WHERE type = 'table' AND NOT name = 'sqlite_sequence'
[0m
  [4;36;1mSQL (0.1ms)[0m   [0;1mSELECT version FROM schema_migrations[0m
  [4;35;1mSQL (0.2ms)[0m   [0m SELECT name
 FROM sqlite_master
 WHERE type = 'table' AND NOT name = 'sqlite_sequence'
[0m
  [4;36;1mSQL (0.0ms)[0m   [0;1mPRAGMA index_list("characters")[0m
  [4;35;1mSQL (0.0ms)[0m   [0mPRAGMA index_list("users")[0m
  [4;36;1mSQL (0.2ms)[0m   [0;1m SELECT name
 FROM sqlite_master
 WHERE type = 'table' AND NOT name = 'sqlite_sequence'
[0m
  [4;35;1mSQL (0.1ms)[0m   [0mselect sqlite_version(*)[0m
  [4;36;1mSQL (4.5ms)[0m   [0;1mCREATE TABLE "schema_migrations" ("version" varchar(255) NOT NULL) [0m
  [4;35;1mSQL (3.0ms)[0m   [0mCREATE UNIQUE INDEX "unique_schema_migrations" ON "schema_migrations" ("version")[0m
  [4;36;1mSQL (0.2ms)[0m   [0;1m SELECT name
 FROM sqlite_master
 WHERE type = 'table' AND NOT name = 'sqlite_sequence'
[0m
  [4;35;1mSQL (0.1ms)[0m   [0mSELECT version FROM schema_migrations[0m
Migrating to CreateUsers (20090519145233)
  [4;36;1mSQL (0.5ms)[0m   [0;1mCREATE TABLE "users" ("id" INTEGER PRIMARY KEY AUTOINCREMENT NOT NULL, "name" varchar(255), "username" varchar(255), "email" varchar(255), "crypted_password" varchar(255), "password_salt" varchar(255), "persistence_token" varchar(255), "access_level" integer, "gmt_offset" integer, "created_at" datetime, "updated_at" datetime) [0m
  [4;35;1mSQL (0.1ms)[0m   [0mINSERT INTO schema_migrations (version) VALUES ('20090519145233')[0m
Migrating to CreateCharacters (20090519224040)
  [4;36;1mSQL (0.7ms)[0m   [0;1mCREATE TABLE "characters" ("id" INTEGER PRIMARY KEY AUTOINCREMENT NOT NULL, "user_id" integer, "character_name" varchar(255), "character_level" integer, "character_spec_1_name" varchar(255), "character_spec_1_utility" varchar(255), "character_spec_2_name" varchar(255), "character_spec_2_utility" varchar(255), "character_profession_1" varchar(255), "character_profession_2" varchar(255), "created_at" datetime, "updated_at" datetime) [0m
  [4;35;1mSQL (0.3ms)[0m   [0mINSERT INTO schema_migrations (version) VALUES ('20090519224040')[0m
  [4;36;1mSQL (0.4ms)[0m   [0;1m SELECT name
 FROM sqlite_master
 WHERE type = 'table' AND NOT name = 'sqlite_sequence'
[0m
  [4;35;1mSQL (0.2ms)[0m   [0mSELECT version FROM schema_migrations[0m
  [4;36;1mSQL (0.2ms)[0m   [0;1m SELECT name
 FROM sqlite_master
 WHERE type = 'table' AND NOT name = 'sqlite_sequence'
[0m
  [4;35;1mSQL (0.0ms)[0m   [0mPRAGMA index_list("characters")[0m
  [4;36;1mSQL (0.0ms)[0m   [0;1mPRAGMA index_list("users")[0m


Processing UsersController#index (for 127.0.0.1 at 2009-05-21 17:32:31) [GET]
  Parameters: {"action"=>"index", "controller"=>"users"}
  [4;36;1mUser Load (0.2ms)[0m   [0;1mSELECT * FROM "users" [0m
Rendering template within layouts/application
Rendering users/index
Completed in 27ms (View: 11, DB: 0) | 200 OK [http://localhost/users]


Processing UsersController#new (for 127.0.0.1 at 2009-05-21 17:32:34) [GET]
  Parameters: {"action"=>"new", "controller"=>"users"}
Rendering template within layouts/application
Rendering users/new
Rendered users/_user (6.4ms)
Completed in 23ms (View: 14, DB: 0) | 200 OK [http://localhost/users/new]


Processing UsersController#create (for 127.0.0.1 at 2009-05-21 17:33:55) [POST]
  Parameters: {"user"=>{"name"=>"Nola", "password_confirmation"=>"[FILTERED]", "gmt_offset"=>"-6", "username"=>"nola", "access_level"=>"1", "password"=>"[FILTERED]", "email"=>"mrnicksgirl@gmail.com"}, "commit"=>"Create", "action"=>"create", "authenticity_token"=>"2BtIL5yVovPc7FMnsOhiCFJaExgnSmfTgIuaPKQ5kG8=", "controller"=>"users"}
  [4;35;1mUser Exists (0.3ms)[0m   [0mSELECT "users".id FROM "users" WHERE (LOWER("users"."email") = 'mrnicksgirl@gmail.com') LIMIT 1[0m
  [4;36;1mUser Exists (0.1ms)[0m   [0;1mSELECT "users".id FROM "users" WHERE (LOWER("users"."username") = 'nola') LIMIT 1[0m
  [4;35;1mUser Exists (0.1ms)[0m   [0mSELECT "users".id FROM "users" WHERE ("users"."persistence_token" = '1237a872ba906b184648551d6118a0d38e83517fac210103050072c7ccdb9dec139d0bed6f00da75bf76a94907bd3e1366a54f3c0469d816578d1b6d4bdc462e') LIMIT 1[0m
  [4;36;1mUser Create (26.9ms)[0m   [0;1mINSERT INTO "users" ("name", "updated_at", "crypted_password", "username", "password_salt", "gmt_offset", "persistence_token", "access_level", "email", "created_at") VALUES('Nola', '2009-05-21 22:33:55', '016bae891e01d530285177906426aad4418e886c3eecd4ec249aa7c0732e5fe26b874bdb66f9a6869da279b8bf7c0401ac1d6955032d78ab719b2447268ab115', 'nola', 'nOJcL0PHN-_egEc7Jkbb', -6, '1237a872ba906b184648551d6118a0d38e83517fac210103050072c7ccdb9dec139d0bed6f00da75bf76a94907bd3e1366a54f3c0469d816578d1b6d4bdc462e', 1, 'mrnicksgirl@gmail.com', '2009-05-21 22:33:55')[0m

NameError (undefined local variable or method `root_url' for #<UsersController:0x2399ffc>):
  app/controllers/users_controller.rb:50:in `create'
  app/controllers/users_controller.rb:47:in `create'

Rendered rescues/_trace (40.7ms)
Rendered rescues/_request_and_response (1.6ms)
Rendering rescues/layout (internal_server_error)


Processing UsersController#create (for 127.0.0.1 at 2009-05-21 17:51:40) [POST]
  Parameters: {"user"=>{"name"=>"Nola", "password_confirmation"=>"[FILTERED]", "gmt_offset"=>"-6", "username"=>"nola", "access_level"=>"1", "password"=>"[FILTERED]", "email"=>"mrnicksgirl@gmail.com"}, "commit"=>"Create", "action"=>"create", "authenticity_token"=>"2BtIL5yVovPc7FMnsOhiCFJaExgnSmfTgIuaPKQ5kG8=", "controller"=>"users"}
  [4;35;1mUser Exists (0.2ms)[0m   [0mSELECT "users".id FROM "users" WHERE (LOWER("users"."email") = 'mrnicksgirl@gmail.com') LIMIT 1[0m
  [4;36;1mUser Exists (0.1ms)[0m   [0;1mSELECT "users".id FROM "users" WHERE (LOWER("users"."username") = 'nola') LIMIT 1[0m
  [4;35;1mUser Exists (0.1ms)[0m   [0mSELECT "users".id FROM "users" WHERE ("users"."persistence_token" = '290af49bc471e8b196cd7c41fb37717ccc5a79cd764fe95b8daa5c219c2c3406ee25c02d697146c0903bfbae112b26b1fceacb7c0de7546bf20e1d3d6a7beeea') LIMIT 1[0m
Rendering template within layouts/application
Rendering users/new
Rendered users/_user (2.5ms)
  [4;36;1mUser Load (0.4ms)[0m   [0;1mSELECT * FROM "users" WHERE ("users"."persistence_token" = '1237a872ba906b184648551d6118a0d38e83517fac210103050072c7ccdb9dec139d0bed6f00da75bf76a94907bd3e1366a54f3c0469d816578d1b6d4bdc462e') LIMIT 1[0m
Completed in 23ms (View: 8, DB: 1) | 200 OK [http://localhost/users]


Processing UsersController#index (for 127.0.0.1 at 2009-05-21 17:51:54) [GET]
  Parameters: {"action"=>"index", "controller"=>"users"}
  [4;35;1mUser Load (0.4ms)[0m   [0mSELECT * FROM "users" [0m
Rendering template within layouts/application
Rendering users/index
  [4;36;1mUser Load (0.3ms)[0m   [0;1mSELECT * FROM "users" WHERE ("users"."persistence_token" = '1237a872ba906b184648551d6118a0d38e83517fac210103050072c7ccdb9dec139d0bed6f00da75bf76a94907bd3e1366a54f3c0469d816578d1b6d4bdc462e') LIMIT 1[0m
Completed in 18ms (View: 8, DB: 1) | 200 OK [http://localhost/]


Processing UsersController#edit (for 127.0.0.1 at 2009-05-21 17:52:02) [GET]
  Parameters: {"action"=>"edit", "id"=>"current", "controller"=>"users"}
  [4;35;1mUser Load (0.4ms)[0m   [0mSELECT * FROM "users" WHERE ("users"."persistence_token" = '1237a872ba906b184648551d6118a0d38e83517fac210103050072c7ccdb9dec139d0bed6f00da75bf76a94907bd3e1366a54f3c0469d816578d1b6d4bdc462e') LIMIT 1[0m
Rendering template within layouts/application
Rendering users/edit
Completed in 93ms (View: 79, DB: 0) | 200 OK [http://localhost/users/current/edit]


Processing UserSessionsController#destroy (for 127.0.0.1 at 2009-05-21 17:52:05) [GET]
  Parameters: {"action"=>"destroy", "controller"=>"user_sessions"}
  [4;36;1mUser Load (0.4ms)[0m   [0;1mSELECT * FROM "users" WHERE ("users"."persistence_token" = '1237a872ba906b184648551d6118a0d38e83517fac210103050072c7ccdb9dec139d0bed6f00da75bf76a94907bd3e1366a54f3c0469d816578d1b6d4bdc462e') LIMIT 1[0m
Redirected to http://localhost:3000/
Completed in 15ms (DB: 0) | 302 Found [http://localhost/logout]


Processing UsersController#index (for 127.0.0.1 at 2009-05-21 17:52:05) [GET]
  Parameters: {"action"=>"index", "controller"=>"users"}
  [4;35;1mUser Load (0.4ms)[0m   [0mSELECT * FROM "users" [0m
Rendering template within layouts/application
Rendering users/index
Completed in 89ms (View: 7, DB: 0) | 200 OK [http://localhost/]


Processing UserSessionsController#new (for 127.0.0.1 at 2009-05-21 17:52:10) [GET]
  Parameters: {"action"=>"new", "controller"=>"user_sessions"}
Rendering template within layouts/application
Rendering user_sessions/new
Completed in 16ms (View: 6, DB: 0) | 200 OK [http://localhost/login]


Processing UserSessionsController#create (for 127.0.0.1 at 2009-05-21 17:52:16) [POST]
  Parameters: {"commit"=>"Submit", "user_session"=>{"username"=>"nola", "password"=>"[FILTERED]"}, "action"=>"create", "authenticity_token"=>"2BtIL5yVovPc7FMnsOhiCFJaExgnSmfTgIuaPKQ5kG8=", "controller"=>"user_sessions"}
  [4;36;1mUser Load (0.4ms)[0m   [0;1mSELECT * FROM "users" WHERE (LOWER("users".username) = 'nola') LIMIT 1[0m
Rendering template within layouts/application
Rendering user_sessions/new
Completed in 24ms (View: 4, DB: 0) | 200 OK [http://localhost/user_sessions]


Processing UserSessionsController#create (for 127.0.0.1 at 2009-05-21 17:52:21) [POST]
  Parameters: {"commit"=>"Submit", "user_session"=>{"username"=>"nola", "password"=>"[FILTERED]"}, "action"=>"create", "authenticity_token"=>"2BtIL5yVovPc7FMnsOhiCFJaExgnSmfTgIuaPKQ5kG8=", "controller"=>"user_sessions"}
  [4;35;1mUser Load (0.4ms)[0m   [0mSELECT * FROM "users" WHERE (LOWER("users".username) = 'nola') LIMIT 1[0m
Redirected to http://localhost:3000/
Completed in 19ms (DB: 0) | 302 Found [http://localhost/user_sessions]


Processing UsersController#index (for 127.0.0.1 at 2009-05-21 17:52:21) [GET]
  Parameters: {"action"=>"index", "controller"=>"users"}
  [4;36;1mUser Load (0.5ms)[0m   [0;1mSELECT * FROM "users" [0m
Rendering template within layouts/application
Rendering users/index
  [4;35;1mUser Load (1.5ms)[0m   [0mSELECT * FROM "users" WHERE ("users"."id" = '1') LIMIT 1[0m
Completed in 28ms (View: 17, DB: 2) | 200 OK [http://localhost/]


Processing UsersController#edit (for 127.0.0.1 at 2009-05-21 17:56:41) [GET]
  Parameters: {"action"=>"edit", "id"=>"current", "controller"=>"users"}
  [4;36;1mUser Load (0.3ms)[0m   [0;1mSELECT * FROM "users" WHERE ("users"."id" = '1') LIMIT 1[0m
Rendering template within layouts/application
Rendering users/edit
Completed in 17ms (View: 3, DB: 0) | 200 OK [http://localhost/users/current/edit]


Processing UsersController#edit (for 127.0.0.1 at 2009-05-21 17:58:34) [GET]
  Parameters: {"action"=>"edit", "id"=>"current", "controller"=>"users"}
  [4;35;1mUser Load (0.4ms)[0m   [0mSELECT * FROM "users" WHERE ("users"."id" = '1') LIMIT 1[0m
Rendering template within layouts/application
Rendering users/edit
Completed in 99ms (View: 6, DB: 0) | 200 OK [http://localhost/users/current/edit]


Processing CharactersController#index (for 127.0.0.1 at 2009-05-21 17:58:37) [GET]
  Parameters: {"action"=>"index", "controller"=>"characters"}
  [4;36;1mCharacter Load (0.7ms)[0m   [0;1mSELECT * FROM "characters" [0m
Rendering template within layouts/characters
Rendering characters/index
Completed in 43ms (View: 13, DB: 1) | 200 OK [http://localhost/characters]


Processing CharactersController#index (for 127.0.0.1 at 2009-05-21 18:30:06) [GET]
  Parameters: {"action"=>"index", "controller"=>"characters"}
  [4;35;1mUser Load (0.4ms)[0m   [0mSELECT * FROM "users" WHERE ("users"."id" = '1') LIMIT 1[0m
Rendering template within layouts/application
Rendering characters/index
  [4;36;1mCharacter Load (0.2ms)[0m   [0;1mSELECT * FROM "characters" WHERE ("characters".user_id = 1) [0m
Completed in 24ms (View: 4, DB: 1) | 200 OK [http://localhost/characters]


Processing CharactersController#new (for 127.0.0.1 at 2009-05-21 18:30:09) [GET]
  Parameters: {"action"=>"new", "controller"=>"characters"}
Rendering template within layouts/application
Rendering characters/new
  [4;35;1mUser Load (0.4ms)[0m   [0mSELECT * FROM "users" WHERE ("users"."id" = '1') LIMIT 1[0m
Completed in 28ms (View: 22, DB: 0) | 200 OK [http://localhost/characters/new]


Processing CharactersController#new (for 127.0.0.1 at 2009-05-21 18:30:42) [GET]
  Parameters: {"action"=>"new", "controller"=>"characters"}
Rendering template within layouts/application
Rendering characters/new
  [4;36;1mUser Load (0.5ms)[0m   [0;1mSELECT * FROM "users" WHERE ("users"."id" = '1') LIMIT 1[0m
Completed in 96ms (View: 25, DB: 0) | 200 OK [http://localhost/characters/new]


Processing CharactersController#create (for 127.0.0.1 at 2009-05-21 18:31:11) [POST]
  Parameters: {"commit"=>"Create", "character"=>{"character_level"=>"80", "character_name"=>"Marak", "character_spec_2_name"=>"affliction", "character_spec_1_name"=>"destruction", "character_profession_1"=>"jewelcrafting", "character_profession_2"=>"tailoring", "character_spec_1_utility"=>"dps", "character_spec_2_utility"=>"dps"}, "action"=>"create", "authenticity_token"=>"2BtIL5yVovPc7FMnsOhiCFJaExgnSmfTgIuaPKQ5kG8=", "controller"=>"characters"}
  [4;35;1mUser Load (0.5ms)[0m   [0mSELECT * FROM "users" WHERE ("users"."id" = '1') LIMIT 1[0m

ActiveRecord::AssociationTypeMismatch (User(#18660730) expected, got Fixnum(#108610)):
  app/controllers/characters_controller.rb:44:in `create'

Rendered rescues/_trace (40.4ms)
Rendered rescues/_request_and_response (0.4ms)
Rendering rescues/layout (internal_server_error)


Processing CharactersController#create (for 127.0.0.1 at 2009-05-21 18:32:19) [POST]
  Parameters: {"commit"=>"Create", "character"=>{"character_level"=>"80", "character_name"=>"Marak", "character_spec_2_name"=>"affliction", "character_spec_1_name"=>"destruction", "character_profession_1"=>"jewelcrafting", "character_profession_2"=>"tailoring", "character_spec_1_utility"=>"dps", "character_spec_2_utility"=>"dps"}, "action"=>"create", "authenticity_token"=>"2BtIL5yVovPc7FMnsOhiCFJaExgnSmfTgIuaPKQ5kG8=", "controller"=>"characters"}
  [4;36;1mUser Load (0.4ms)[0m   [0;1mSELECT * FROM "users" WHERE ("users"."id" = '1') LIMIT 1[0m

NoMethodError (undefined method `character' for #<User:0x2133efc>):
  app/controllers/characters_controller.rb:43:in `create'

Rendered rescues/_trace (31.9ms)
Rendered rescues/_request_and_response (0.4ms)
Rendering rescues/layout (internal_server_error)


Processing CharactersController#create (for 127.0.0.1 at 2009-05-21 18:32:59) [POST]
  Parameters: {"commit"=>"Create", "character"=>{"character_level"=>"80", "character_name"=>"Marak", "character_spec_2_name"=>"affliction", "character_spec_1_name"=>"destruction", "character_profession_1"=>"jewelcrafting", "character_profession_2"=>"tailoring", "character_spec_1_utility"=>"dps", "character_spec_2_utility"=>"dps"}, "action"=>"create", "authenticity_token"=>"2BtIL5yVovPc7FMnsOhiCFJaExgnSmfTgIuaPKQ5kG8=", "controller"=>"characters"}
  [4;35;1mUser Load (0.5ms)[0m   [0mSELECT * FROM "users" WHERE ("users"."id" = '1') LIMIT 1[0m

NoMethodError (undefined method `create_character' for #<User:0x22bbd24>):
  app/controllers/characters_controller.rb:43:in `create'

Rendered rescues/_trace (38.1ms)
Rendered rescues/_request_and_response (0.5ms)
Rendering rescues/layout (internal_server_error)
  [4;36;1mUser Load (0.4ms)[0m   [0;1mSELECT * FROM "users" WHERE ("users"."id" = 1) [0m
  [4;35;1mCharacter Load (0.2ms)[0m   [0mSELECT * FROM "characters" WHERE ("characters".user_id = 1) [0m
  [4;36;1mUser Load (0.4ms)[0m   [0;1mSELECT * FROM "users" WHERE ("users"."id" = 1) [0m
  [4;35;1mCharacter Create (0.5ms)[0m   [0mINSERT INTO "characters" ("updated_at", "character_level", "character_name", "character_spec_2_name", "character_spec_1_name", "user_id", "character_profession_1", "character_spec_1_utility", "character_profession_2", "character_spec_2_utility", "created_at") VALUES('2009-05-21 23:49:12', NULL, 'Marak', NULL, NULL, 1, NULL, NULL, NULL, NULL, '2009-05-21 23:49:12')[0m


Processing CharactersController#index (for 127.0.0.1 at 2009-05-21 18:50:15) [GET]
  Parameters: {"action"=>"index", "controller"=>"characters"}
  [4;36;1mUser Load (0.4ms)[0m   [0;1mSELECT * FROM "users" WHERE ("users"."id" = '1') LIMIT 1[0m
Rendering template within layouts/application
Rendering characters/index
  [4;35;1mCharacter Load (0.4ms)[0m   [0mSELECT * FROM "characters" WHERE ("characters".user_id = 1) [0m
Completed in 45ms (View: 11, DB: 1) | 200 OK [http://localhost/characters]


Processing CharactersController#new (for 127.0.0.1 at 2009-05-21 18:50:18) [GET]
  Parameters: {"action"=>"new", "controller"=>"characters"}
Rendering template within layouts/application
Rendering characters/new
  [4;36;1mUser Load (0.4ms)[0m   [0;1mSELECT * FROM "users" WHERE ("users"."id" = '1') LIMIT 1[0m
Completed in 31ms (View: 24, DB: 0) | 200 OK [http://localhost/characters/new]


Processing CharactersController#create (for 127.0.0.1 at 2009-05-21 18:50:26) [POST]
  Parameters: {"commit"=>"Create", "character"=>{"character_level"=>"72", "character_name"=>"Kadar", "character_spec_2_name"=>"", "character_spec_1_name"=>"", "character_profession_1"=>"", "character_profession_2"=>"", "character_spec_1_utility"=>"", "character_spec_2_utility"=>""}, "action"=>"create", "authenticity_token"=>"2BtIL5yVovPc7FMnsOhiCFJaExgnSmfTgIuaPKQ5kG8=", "controller"=>"characters"}
  [4;35;1mUser Load (0.6ms)[0m   [0mSELECT * FROM "users" WHERE ("users"."id" = '1') LIMIT 1[0m
  [4;36;1mCharacter Create (0.5ms)[0m   [0;1mINSERT INTO "characters" ("updated_at", "character_level", "character_name", "character_spec_2_name", "character_spec_1_name", "user_id", "character_profession_1", "character_spec_1_utility", "character_profession_2", "character_spec_2_utility", "created_at") VALUES('2009-05-21 23:50:26', 72, 'Kadar', '', '', 1, '', '', '', '', '2009-05-21 23:50:26')[0m
Redirected to http://localhost:3000/characters/2
Completed in 33ms (DB: 1) | 302 Found [http://localhost/characters]


Processing CharactersController#show (for 127.0.0.1 at 2009-05-21 18:50:26) [GET]
  Parameters: {"action"=>"show", "id"=>"2", "controller"=>"characters"}

NameError (undefined local variable or method `character' for #<CharactersController:0x2222b24>):
  app/controllers/characters_controller.rb:16:in `show'

Rendered rescues/_trace (34.7ms)
Rendered rescues/_request_and_response (1.5ms)
Rendering rescues/layout (internal_server_error)


Processing CharactersController#index (for 127.0.0.1 at 2009-05-21 18:53:09) [GET]
  Parameters: {"action"=>"index", "controller"=>"characters"}
  [4;35;1mUser Load (0.4ms)[0m   [0mSELECT * FROM "users" WHERE ("users"."id" = '1') LIMIT 1[0m
Rendering template within layouts/application
Rendering characters/index
  [4;36;1mCharacter Load (0.6ms)[0m   [0;1mSELECT * FROM "characters" WHERE ("characters".user_id = 1) [0m
Completed in 30ms (View: 6, DB: 1) | 200 OK [http://localhost/characters]


Processing CharactersController#edit (for 127.0.0.1 at 2009-05-21 18:53:14) [GET]
  Parameters: {"action"=>"edit", "id"=>"1", "controller"=>"characters"}
  [4;35;1mCharacter Load (0.3ms)[0m   [0mSELECT * FROM "characters" WHERE ("characters"."id" = 1) [0m
Rendering template within layouts/application
Rendering characters/edit
  [4;36;1mUser Load (0.4ms)[0m   [0;1mSELECT * FROM "users" WHERE ("users"."id" = '1') LIMIT 1[0m
Completed in 54ms (View: 46, DB: 1) | 200 OK [http://localhost/characters/1/edit]


Processing CharactersController#update (for 127.0.0.1 at 2009-05-21 18:53:19) [PUT]
  Parameters: {"commit"=>"Update", "character"=>{"character_level"=>"80", "character_name"=>"Marak", "character_spec_2_name"=>"", "character_spec_1_name"=>"", "character_profession_1"=>"", "user_id"=>"1", "character_profession_2"=>"", "character_spec_1_utility"=>"", "character_spec_2_utility"=>""}, "action"=>"update", "_method"=>"put", "authenticity_token"=>"2BtIL5yVovPc7FMnsOhiCFJaExgnSmfTgIuaPKQ5kG8=", "id"=>"1", "controller"=>"characters"}
  [4;35;1mCharacter Load (0.3ms)[0m   [0mSELECT * FROM "characters" WHERE ("characters"."id" = 1) [0m
  [4;36;1mCharacter Update (0.4ms)[0m   [0;1mUPDATE "characters" SET "character_spec_1_name" = '', "character_spec_2_name" = '', "character_spec_2_utility" = '', "character_level" = 80, "character_profession_2" = '', "character_spec_1_utility" = '', "character_profession_1" = '', "updated_at" = '2009-05-21 23:53:20' WHERE "id" = 1[0m
Redirected to http://localhost:3000/characters/1
Completed in 88ms (DB: 1) | 302 Found [http://localhost/characters/1]


Processing CharactersController#show (for 127.0.0.1 at 2009-05-21 18:53:20) [GET]
  Parameters: {"action"=>"show", "id"=>"1", "controller"=>"characters"}

NameError (undefined local variable or method `character' for #<CharactersController:0x24eb2e8>):
  app/controllers/characters_controller.rb:16:in `show'

Rendered rescues/_trace (32.8ms)
Rendered rescues/_request_and_response (0.3ms)
Rendering rescues/layout (internal_server_error)


Processing CharactersController#show (for 127.0.0.1 at 2009-05-21 18:53:46) [GET]
  Parameters: {"action"=>"show", "id"=>"1", "controller"=>"characters"}
  [4;35;1mUser Load (0.4ms)[0m   [0mSELECT * FROM "users" WHERE ("users"."id" = '1') LIMIT 1[0m

NoMethodError (undefined method `character' for #<User:0x230bd38>):
  app/controllers/characters_controller.rb:16:in `show'

Rendered rescues/_trace (99.7ms)
Rendered rescues/_request_and_response (0.3ms)
Rendering rescues/layout (internal_server_error)


Processing CharactersController#show (for 127.0.0.1 at 2009-05-21 18:53:58) [GET]
  Parameters: {"action"=>"show", "id"=>"1", "controller"=>"characters"}
  [4;36;1mUser Load (0.4ms)[0m   [0;1mSELECT * FROM "users" WHERE ("users"."id" = '1') LIMIT 1[0m
  [4;35;1mCharacter Load (0.3ms)[0m   [0mSELECT * FROM "characters" WHERE ("characters"."id" = 1 AND ("characters".user_id = 1)) [0m
Rendering template within layouts/application
Rendering characters/show
Completed in 27ms (View: 6, DB: 1) | 200 OK [http://localhost/characters/1]


Processing CharactersController#index (for 127.0.0.1 at 2009-05-21 18:54:01) [GET]
  Parameters: {"action"=>"index", "controller"=>"characters"}
  [4;36;1mUser Load (0.3ms)[0m   [0;1mSELECT * FROM "users" WHERE ("users"."id" = '1') LIMIT 1[0m
Rendering template within layouts/application
Rendering characters/index
  [4;35;1mCharacter Load (0.5ms)[0m   [0mSELECT * FROM "characters" WHERE ("characters".user_id = 1) [0m
Completed in 23ms (View: 6, DB: 1) | 200 OK [http://localhost/characters]


Processing CharactersController#edit (for 127.0.0.1 at 2009-05-21 18:54:48) [GET]
  Parameters: {"action"=>"edit", "id"=>"1", "controller"=>"characters"}
  [4;36;1mCharacter Load (0.5ms)[0m   [0;1mSELECT * FROM "characters" WHERE ("characters"."id" = 1) [0m
Rendering template within layouts/application
Rendering characters/edit
  [4;35;1mUser Load (0.4ms)[0m   [0mSELECT * FROM "users" WHERE ("users"."id" = '1') LIMIT 1[0m
Completed in 306ms (View: 49, DB: 1) | 200 OK [http://localhost/characters/1/edit]


Processing CharactersController#update (for 127.0.0.1 at 2009-05-21 18:55:12) [PUT]
  Parameters: {"commit"=>"Update", "character"=>{"character_level"=>"80", "character_name"=>"Marak", "character_spec_2_name"=>"affliction", "character_spec_1_name"=>"destruction", "character_profession_1"=>"tailoring", "user_id"=>"1", "character_profession_2"=>"jewelcrafting", "character_spec_1_utility"=>"dps", "character_spec_2_utility"=>"dps"}, "action"=>"update", "_method"=>"put", "authenticity_token"=>"2BtIL5yVovPc7FMnsOhiCFJaExgnSmfTgIuaPKQ5kG8=", "id"=>"1", "controller"=>"characters"}
  [4;36;1mCharacter Load (0.4ms)[0m   [0;1mSELECT * FROM "characters" WHERE ("characters"."id" = 1) [0m
  [4;35;1mCharacter Update (0.9ms)[0m   [0mUPDATE "characters" SET "character_spec_1_name" = 'destruction', "character_spec_2_name" = 'affliction', "character_spec_2_utility" = 'dps', "character_profession_2" = 'jewelcrafting', "character_spec_1_utility" = 'dps', "character_profession_1" = 'tailoring', "updated_at" = '2009-05-21 23:55:12' WHERE "id" = 1[0m
Redirected to http://localhost:3000/characters/1
Completed in 23ms (DB: 1) | 302 Found [http://localhost/characters/1]


Processing CharactersController#show (for 127.0.0.1 at 2009-05-21 18:55:12) [GET]
  Parameters: {"action"=>"show", "id"=>"1", "controller"=>"characters"}
  [4;36;1mUser Load (0.5ms)[0m   [0;1mSELECT * FROM "users" WHERE ("users"."id" = '1') LIMIT 1[0m
  [4;35;1mCharacter Load (0.3ms)[0m   [0mSELECT * FROM "characters" WHERE ("characters"."id" = 1 AND ("characters".user_id = 1)) [0m
Rendering template within layouts/application
Rendering characters/show
Completed in 95ms (View: 3, DB: 1) | 200 OK [http://localhost/characters/1]


Processing CharactersController#index (for 127.0.0.1 at 2009-05-21 18:55:15) [GET]
  Parameters: {"action"=>"index", "controller"=>"characters"}
  [4;36;1mUser Load (0.4ms)[0m   [0;1mSELECT * FROM "users" WHERE ("users"."id" = '1') LIMIT 1[0m
Rendering template within layouts/application
Rendering characters/index
  [4;35;1mCharacter Load (0.5ms)[0m   [0mSELECT * FROM "characters" WHERE ("characters".user_id = 1) [0m
Completed in 24ms (View: 6, DB: 1) | 200 OK [http://localhost/characters]


Processing CharactersController#edit (for 127.0.0.1 at 2009-05-21 18:55:18) [GET]
  Parameters: {"action"=>"edit", "id"=>"2", "controller"=>"characters"}
  [4;36;1mCharacter Load (0.3ms)[0m   [0;1mSELECT * FROM "characters" WHERE ("characters"."id" = 2) [0m
Rendering template within layouts/application
Rendering characters/edit
  [4;35;1mUser Load (0.4ms)[0m   [0mSELECT * FROM "users" WHERE ("users"."id" = '1') LIMIT 1[0m
Completed in 25ms (View: 18, DB: 1) | 200 OK [http://localhost/characters/2/edit]


Processing CharactersController#index (for 127.0.0.1 at 2009-05-21 19:03:24) [GET]
  Parameters: {"action"=>"index", "controller"=>"characters"}
  [4;36;1mUser Load (0.4ms)[0m   [0;1mSELECT * FROM "users" WHERE ("users"."id" = '1') LIMIT 1[0m
Rendering template within layouts/application
Rendering characters/index
  [4;35;1mCharacter Load (0.5ms)[0m   [0mSELECT * FROM "characters" WHERE ("characters".user_id = 1) [0m
Completed in 24ms (View: 6, DB: 1) | 200 OK [http://localhost/characters]


Processing CharactersController#edit (for 127.0.0.1 at 2009-05-21 19:03:29) [GET]
  Parameters: {"action"=>"edit", "id"=>"2", "controller"=>"characters"}
  [4;36;1mCharacter Load (0.3ms)[0m   [0;1mSELECT * FROM "characters" WHERE ("characters"."id" = 2) [0m
Rendering template within layouts/application
Rendering characters/edit
  [4;35;1mUser Load (0.4ms)[0m   [0mSELECT * FROM "users" WHERE ("users"."id" = '1') LIMIT 1[0m
Completed in 25ms (View: 18, DB: 1) | 200 OK [http://localhost/characters/2/edit]


Processing CharactersController#update (for 127.0.0.1 at 2009-05-21 19:03:43) [PUT]
  Parameters: {"commit"=>"Update", "character"=>{"character_level"=>"72", "character_name"=>"Kadar", "character_spec_2_name"=>"", "character_spec_1_name"=>"beastmaster", "character_profession_1"=>"", "user_id"=>"1", "character_profession_2"=>"", "character_spec_1_utility"=>"dps", "character_spec_2_utility"=>""}, "action"=>"update", "_method"=>"put", "authenticity_token"=>"2BtIL5yVovPc7FMnsOhiCFJaExgnSmfTgIuaPKQ5kG8=", "id"=>"2", "controller"=>"characters"}
  [4;36;1mCharacter Load (0.3ms)[0m   [0;1mSELECT * FROM "characters" WHERE ("characters"."id" = 2) [0m
  [4;35;1mCharacter Update (0.4ms)[0m   [0mUPDATE "characters" SET "character_spec_1_name" = 'beastmaster', "character_spec_1_utility" = 'dps', "updated_at" = '2009-05-22 00:03:43' WHERE "id" = 2[0m
Redirected to http://localhost:3000/characters/2
Completed in 92ms (DB: 1) | 302 Found [http://localhost/characters/2]


Processing CharactersController#show (for 127.0.0.1 at 2009-05-21 19:03:44) [GET]
  Parameters: {"action"=>"show", "id"=>"2", "controller"=>"characters"}
  [4;36;1mUser Load (0.5ms)[0m   [0;1mSELECT * FROM "users" WHERE ("users"."id" = '1') LIMIT 1[0m
  [4;35;1mCharacter Load (0.4ms)[0m   [0mSELECT * FROM "characters" WHERE ("characters"."id" = 2 AND ("characters".user_id = 1)) [0m
Rendering template within layouts/application
Rendering characters/show
Completed in 26ms (View: 3, DB: 1) | 200 OK [http://localhost/characters/2]


Processing CharactersController#index (for 127.0.0.1 at 2009-05-21 19:03:46) [GET]
  Parameters: {"action"=>"index", "controller"=>"characters"}
  [4;36;1mUser Load (0.4ms)[0m   [0;1mSELECT * FROM "users" WHERE ("users"."id" = '1') LIMIT 1[0m
Rendering template within layouts/application
Rendering characters/index
  [4;35;1mCharacter Load (0.5ms)[0m   [0mSELECT * FROM "characters" WHERE ("characters".user_id = 1) [0m
Completed in 25ms (View: 6, DB: 1) | 200 OK [http://localhost/characters]


Processing CharactersController#index (for 127.0.0.1 at 2009-05-21 19:14:49) [GET]
  Parameters: {"action"=>"index", "controller"=>"characters"}
  [4;36;1mUser Load (0.4ms)[0m   [0;1mSELECT * FROM "users" WHERE ("users"."id" = '1') LIMIT 1[0m

ActiveRecord::RecordNotFound (Couldn't find Character without an ID):
  app/controllers/characters_controller.rb:5:in `index'

Rendered rescues/_trace (32.4ms)
Rendered rescues/_request_and_response (0.2ms)
Rendering rescues/layout (not_found)


Processing CharactersController#index (for 127.0.0.1 at 2009-05-21 19:15:01) [GET]
  Parameters: {"action"=>"index", "controller"=>"characters"}
  [4;35;1mUser Load (0.4ms)[0m   [0mSELECT * FROM "users" WHERE ("users"."id" = '1') LIMIT 1[0m
  [4;36;1mCharacter Load (1.5ms)[0m   [0;1mSELECT * FROM "characters" WHERE ("characters".user_id = 1) ORDER BY character_level[0m
Rendering template within layouts/application
Rendering characters/index
Completed in 29ms (View: 8, DB: 2) | 200 OK [http://localhost/characters]


Processing CharactersController#index (for 127.0.0.1 at 2009-05-21 19:18:19) [GET]
  Parameters: {"action"=>"index", "controller"=>"characters"}
  [4;35;1mUser Load (0.4ms)[0m   [0mSELECT * FROM "users" WHERE ("users"."id" = '1') LIMIT 1[0m
  [4;36;1mCharacter Load (0.0ms)[0m   [0;1mSQLite3::SQLException: near "character_level": syntax error: SELECT * FROM "characters" WHERE ("characters".user_id = 1) ORDER BY DESC character_level[0m

ActiveRecord::StatementInvalid (SQLite3::SQLException: near "character_level": syntax error: SELECT * FROM "characters" WHERE ("characters".user_id = 1)  ORDER BY DESC character_level):
  app/controllers/characters_controller.rb:5:in `index'

Rendered rescues/_trace (37.7ms)
Rendered rescues/_request_and_response (0.3ms)
Rendering rescues/layout (internal_server_error)


Processing CharactersController#index (for 127.0.0.1 at 2009-05-21 19:19:02) [GET]
  Parameters: {"action"=>"index", "controller"=>"characters"}
  [4;35;1mUser Load (0.4ms)[0m   [0mSELECT * FROM "users" WHERE ("users"."id" = '1') LIMIT 1[0m
  [4;36;1mCharacter Load (1.5ms)[0m   [0;1mSELECT * FROM "characters" WHERE ("characters".user_id = 1) ORDER BY character_level DESC[0m
Rendering template within layouts/application
Rendering characters/index
Completed in 89ms (View: 6, DB: 2) | 200 OK [http://localhost/characters]


Processing CharactersController#index (for 127.0.0.1 at 2009-05-21 19:19:35) [GET]
  Parameters: {"action"=>"index", "controller"=>"characters"}
  [4;35;1mUser Load (0.4ms)[0m   [0mSELECT * FROM "users" WHERE ("users"."id" = '1') LIMIT 1[0m
  [4;36;1mCharacter Load (0.8ms)[0m   [0;1mSELECT * FROM "characters" WHERE ("characters".user_id = 1) ORDER BY character_level DESC[0m
Rendering template within layouts/application
Rendering characters/index
Completed in 28ms (View: 8, DB: 1) | 200 OK [http://localhost/characters]


Processing CharactersController#index (for 127.0.0.1 at 2009-05-21 19:21:27) [GET]
  Parameters: {"action"=>"index", "controller"=>"characters"}
  [4;35;1mUser Load (0.4ms)[0m   [0mSELECT * FROM "users" WHERE ("users"."id" = '1') LIMIT 1[0m
  [4;36;1mCharacter Load (0.9ms)[0m   [0;1mSELECT * FROM "characters" WHERE ("characters".user_id = 1) ORDER BY character_level DESC[0m
Rendering template within layouts/application
Rendering characters/index
  [4;35;1mUser Load (0.3ms)[0m   [0mSELECT * FROM "users" WHERE ("users"."id" = 1) [0m
  [4;36;1mCACHE (0.0ms)[0m   [0;1mSELECT * FROM "users" WHERE ("users"."id" = 1) [0m
Completed in 28ms (View: 9, DB: 2) | 200 OK [http://localhost/characters]


Processing CharactersController#index (for 127.0.0.1 at 2009-05-21 19:21:41) [GET]
  Parameters: {"action"=>"index", "controller"=>"characters"}
  [4;35;1mUser Load (0.4ms)[0m   [0mSELECT * FROM "users" WHERE ("users"."id" = '1') LIMIT 1[0m
  [4;36;1mCharacter Load (0.8ms)[0m   [0;1mSELECT * FROM "characters" WHERE ("characters".user_id = 1) ORDER BY character_level DESC[0m
Rendering template within layouts/application
Rendering characters/index
  [4;35;1mUser Load (0.3ms)[0m   [0mSELECT * FROM "users" WHERE ("users"."id" = 1) [0m
  [4;36;1mCACHE (0.0ms)[0m   [0;1mSELECT * FROM "users" WHERE ("users"."id" = 1) [0m
Completed in 28ms (View: 9, DB: 1) | 200 OK [http://localhost/characters]


Processing UserSessionsController#destroy (for 127.0.0.1 at 2009-05-21 19:22:00) [GET]
  Parameters: {"action"=>"destroy", "controller"=>"user_sessions"}
  [4;35;1mUser Load (0.5ms)[0m   [0mSELECT * FROM "users" WHERE ("users"."id" = '1') LIMIT 1[0m
Redirected to http://localhost:3000/
Completed in 82ms (DB: 0) | 302 Found [http://localhost/logout]


Processing UsersController#index (for 127.0.0.1 at 2009-05-21 19:22:00) [GET]
  Parameters: {"action"=>"index", "controller"=>"users"}
  [4;36;1mUser Load (0.3ms)[0m   [0;1mSELECT * FROM "users" [0m
Rendering template within layouts/application
Rendering users/index
Completed in 21ms (View: 10, DB: 0) | 200 OK [http://localhost/]


Processing UsersController#new (for 127.0.0.1 at 2009-05-21 19:22:02) [GET]
  Parameters: {"action"=>"new", "controller"=>"users"}
Rendering template within layouts/application
Rendering users/new
Rendered users/_user (5.2ms)
Completed in 23ms (View: 13, DB: 0) | 200 OK [http://localhost/users/new]


Processing UsersController#create (for 127.0.0.1 at 2009-05-21 19:22:30) [POST]
  Parameters: {"user"=>{"name"=>"mrnick", "password_confirmation"=>"[FILTERED]", "gmt_offset"=>"-6", "username"=>"mrnick", "access_level"=>"2", "password"=>"[FILTERED]", "email"=>"mrnickdotcom@gmail.com"}, "commit"=>"Create", "action"=>"create", "authenticity_token"=>"2BtIL5yVovPc7FMnsOhiCFJaExgnSmfTgIuaPKQ5kG8=", "controller"=>"users"}
  [4;35;1mUser Exists (0.3ms)[0m   [0mSELECT "users".id FROM "users" WHERE (LOWER("users"."email") = 'mrnickdotcom@gmail.com') LIMIT 1[0m
  [4;36;1mUser Exists (0.1ms)[0m   [0;1mSELECT "users".id FROM "users" WHERE (LOWER("users"."username") = 'mrnick') LIMIT 1[0m
  [4;35;1mUser Exists (0.1ms)[0m   [0mSELECT "users".id FROM "users" WHERE ("users"."persistence_token" = 'a715c1b4cceca5e4f30126dd7e2f3032b509427a8098f976f897d62ebf46e8cf450e0ad7bb59ca598a96f90e14e2dbb6f69d5a8dbe4b58b9a0866ed2f5bfada1') LIMIT 1[0m
  [4;36;1mUser Create (0.4ms)[0m   [0;1mINSERT INTO "users" ("name", "updated_at", "crypted_password", "username", "password_salt", "gmt_offset", "persistence_token", "access_level", "email", "created_at") VALUES('mrnick', '2009-05-22 00:22:30', 'a5f458cd5071b9b40ba209fa5f4adf4dd9da6eed82d270a2045832229e07a712f9fa349e4e9b76193af3cef54d1c149dae354ccf751b0e98f7d284b18cec8f7b', 'mrnick', 'ZvLPbEapIMffsT3E4SIp', -6, 'a715c1b4cceca5e4f30126dd7e2f3032b509427a8098f976f897d62ebf46e8cf450e0ad7bb59ca598a96f90e14e2dbb6f69d5a8dbe4b58b9a0866ed2f5bfada1', 2, 'mrnickdotcom@gmail.com', '2009-05-22 00:22:30')[0m
Redirected to http://localhost:3000/
Completed in 184ms (DB: 1) | 302 Found [http://localhost/users]


Processing UsersController#index (for 127.0.0.1 at 2009-05-21 19:22:30) [GET]
  Parameters: {"action"=>"index", "controller"=>"users"}
  [4;35;1mUser Load (0.5ms)[0m   [0mSELECT * FROM "users" [0m
Rendering template within layouts/application
Rendering users/index
  [4;36;1mUser Load (0.4ms)[0m   [0;1mSELECT * FROM "users" WHERE ("users"."persistence_token" = 'a715c1b4cceca5e4f30126dd7e2f3032b509427a8098f976f897d62ebf46e8cf450e0ad7bb59ca598a96f90e14e2dbb6f69d5a8dbe4b58b9a0866ed2f5bfada1') LIMIT 1[0m
Completed in 21ms (View: 11, DB: 1) | 200 OK [http://localhost/]


Processing UsersController#edit (for 127.0.0.1 at 2009-05-21 19:22:33) [GET]
  Parameters: {"action"=>"edit", "id"=>"current", "controller"=>"users"}
  [4;35;1mUser Load (0.4ms)[0m   [0mSELECT * FROM "users" WHERE ("users"."persistence_token" = 'a715c1b4cceca5e4f30126dd7e2f3032b509427a8098f976f897d62ebf46e8cf450e0ad7bb59ca598a96f90e14e2dbb6f69d5a8dbe4b58b9a0866ed2f5bfada1') LIMIT 1[0m
Rendering template within layouts/application
Rendering users/edit
Completed in 20ms (View: 5, DB: 0) | 200 OK [http://localhost/users/current/edit]


Processing CharactersController#index (for 127.0.0.1 at 2009-05-21 19:22:36) [GET]
  Parameters: {"action"=>"index", "controller"=>"characters"}
  [4;36;1mUser Load (0.4ms)[0m   [0;1mSELECT * FROM "users" WHERE ("users"."persistence_token" = 'a715c1b4cceca5e4f30126dd7e2f3032b509427a8098f976f897d62ebf46e8cf450e0ad7bb59ca598a96f90e14e2dbb6f69d5a8dbe4b58b9a0866ed2f5bfada1') LIMIT 1[0m
  [4;35;1mCharacter Load (72.2ms)[0m   [0mSELECT * FROM "characters" WHERE ("characters".user_id = 2) ORDER BY character_level DESC[0m
Rendering template within layouts/application
Rendering characters/index
Completed in 92ms (View: 1, DB: 73) | 200 OK [http://localhost/characters]


Processing CharactersController#new (for 127.0.0.1 at 2009-05-21 19:22:37) [GET]
  Parameters: {"action"=>"new", "controller"=>"characters"}
Rendering template within layouts/application
Rendering characters/new
  [4;36;1mUser Load (0.4ms)[0m   [0;1mSELECT * FROM "users" WHERE ("users"."persistence_token" = 'a715c1b4cceca5e4f30126dd7e2f3032b509427a8098f976f897d62ebf46e8cf450e0ad7bb59ca598a96f90e14e2dbb6f69d5a8dbe4b58b9a0866ed2f5bfada1') LIMIT 1[0m
Completed in 96ms (View: 90, DB: 0) | 200 OK [http://localhost/characters/new]


Processing CharactersController#create (for 127.0.0.1 at 2009-05-21 19:23:03) [POST]
  Parameters: {"commit"=>"Create", "character"=>{"character_level"=>"80", "character_name"=>"Mistin", "character_spec_2_name"=>"shadow", "character_spec_1_name"=>"Holy", "character_profession_1"=>"", "character_profession_2"=>"", "character_spec_1_utility"=>"heal", "character_spec_2_utility"=>"dps"}, "action"=>"create", "authenticity_token"=>"2BtIL5yVovPc7FMnsOhiCFJaExgnSmfTgIuaPKQ5kG8=", "controller"=>"characters"}
  [4;35;1mUser Load (0.4ms)[0m   [0mSELECT * FROM "users" WHERE ("users"."persistence_token" = 'a715c1b4cceca5e4f30126dd7e2f3032b509427a8098f976f897d62ebf46e8cf450e0ad7bb59ca598a96f90e14e2dbb6f69d5a8dbe4b58b9a0866ed2f5bfada1') LIMIT 1[0m
  [4;36;1mCharacter Create (0.4ms)[0m   [0;1mINSERT INTO "characters" ("updated_at", "character_level", "character_name", "character_spec_2_name", "character_spec_1_name", "user_id", "character_profession_1", "character_spec_1_utility", "character_profession_2", "character_spec_2_utility", "created_at") VALUES('2009-05-22 00:23:03', 80, 'Mistin', 'shadow', 'Holy', 2, '', 'heal', '', 'dps', '2009-05-22 00:23:03')[0m
Redirected to http://localhost:3000/characters/3
Completed in 34ms (DB: 1) | 302 Found [http://localhost/characters]


Processing CharactersController#show (for 127.0.0.1 at 2009-05-21 19:23:03) [GET]
  Parameters: {"action"=>"show", "id"=>"3", "controller"=>"characters"}
  [4;35;1mUser Load (0.4ms)[0m   [0mSELECT * FROM "users" WHERE ("users"."persistence_token" = 'a715c1b4cceca5e4f30126dd7e2f3032b509427a8098f976f897d62ebf46e8cf450e0ad7bb59ca598a96f90e14e2dbb6f69d5a8dbe4b58b9a0866ed2f5bfada1') LIMIT 1[0m
  [4;36;1mCharacter Load (0.4ms)[0m   [0;1mSELECT * FROM "characters" WHERE ("characters"."id" = 3 AND ("characters".user_id = 2)) [0m
Rendering template within layouts/application
Rendering characters/show
Completed in 25ms (View: 3, DB: 1) | 200 OK [http://localhost/characters/3]


Processing UsersController#edit (for 127.0.0.1 at 2009-05-21 19:23:10) [GET]
  Parameters: {"action"=>"edit", "id"=>"current", "controller"=>"users"}
  [4;35;1mUser Load (0.4ms)[0m   [0mSELECT * FROM "users" WHERE ("users"."persistence_token" = 'a715c1b4cceca5e4f30126dd7e2f3032b509427a8098f976f897d62ebf46e8cf450e0ad7bb59ca598a96f90e14e2dbb6f69d5a8dbe4b58b9a0866ed2f5bfada1') LIMIT 1[0m
Rendering template within layouts/application
Rendering users/edit
Completed in 17ms (View: 3, DB: 0) | 200 OK [http://localhost/users/current/edit]


Processing CharactersController#index (for 127.0.0.1 at 2009-05-21 19:23:12) [GET]
  Parameters: {"action"=>"index", "controller"=>"characters"}
  [4;36;1mUser Load (0.4ms)[0m   [0;1mSELECT * FROM "users" WHERE ("users"."persistence_token" = 'a715c1b4cceca5e4f30126dd7e2f3032b509427a8098f976f897d62ebf46e8cf450e0ad7bb59ca598a96f90e14e2dbb6f69d5a8dbe4b58b9a0866ed2f5bfada1') LIMIT 1[0m
  [4;35;1mCharacter Load (0.8ms)[0m   [0mSELECT * FROM "characters" WHERE ("characters".user_id = 2) ORDER BY character_level DESC[0m
Rendering template within layouts/application
Rendering characters/index
  [4;36;1mUser Load (0.3ms)[0m   [0;1mSELECT * FROM "users" WHERE ("users"."id" = 2) [0m
Completed in 25ms (View: 5, DB: 1) | 200 OK [http://localhost/characters]


Processing CharactersController#new (for 127.0.0.1 at 2009-05-21 19:23:13) [GET]
  Parameters: {"action"=>"new", "controller"=>"characters"}
Rendering template within layouts/application
Rendering characters/new
  [4;35;1mUser Load (0.5ms)[0m   [0mSELECT * FROM "users" WHERE ("users"."persistence_token" = 'a715c1b4cceca5e4f30126dd7e2f3032b509427a8098f976f897d62ebf46e8cf450e0ad7bb59ca598a96f90e14e2dbb6f69d5a8dbe4b58b9a0866ed2f5bfada1') LIMIT 1[0m
Completed in 101ms (View: 95, DB: 0) | 200 OK [http://localhost/characters/new]


Processing CharactersController#index (for 127.0.0.1 at 2009-05-21 19:23:25) [GET]
  Parameters: {"action"=>"index", "controller"=>"characters"}
  [4;36;1mUser Load (0.4ms)[0m   [0;1mSELECT * FROM "users" WHERE ("users"."persistence_token" = 'a715c1b4cceca5e4f30126dd7e2f3032b509427a8098f976f897d62ebf46e8cf450e0ad7bb59ca598a96f90e14e2dbb6f69d5a8dbe4b58b9a0866ed2f5bfada1') LIMIT 1[0m
  [4;35;1mCharacter Load (0.8ms)[0m   [0mSELECT * FROM "characters" WHERE ("characters".user_id = 2) ORDER BY character_level DESC[0m
Rendering template within layouts/application
Rendering characters/index
  [4;36;1mUser Load (0.3ms)[0m   [0;1mSELECT * FROM "users" WHERE ("users"."id" = 2) [0m
Completed in 25ms (View: 5, DB: 1) | 200 OK [http://localhost/characters]


Processing CharactersController#edit (for 127.0.0.1 at 2009-05-21 19:23:28) [GET]
  Parameters: {"action"=>"edit", "id"=>"3", "controller"=>"characters"}
  [4;35;1mCharacter Load (0.3ms)[0m   [0mSELECT * FROM "characters" WHERE ("characters"."id" = 3) [0m
Rendering template within layouts/application
Rendering characters/edit
  [4;36;1mUser Load (0.4ms)[0m   [0;1mSELECT * FROM "users" WHERE ("users"."persistence_token" = 'a715c1b4cceca5e4f30126dd7e2f3032b509427a8098f976f897d62ebf46e8cf450e0ad7bb59ca598a96f90e14e2dbb6f69d5a8dbe4b58b9a0866ed2f5bfada1') LIMIT 1[0m
Completed in 26ms (View: 19, DB: 1) | 200 OK [http://localhost/characters/3/edit]


Processing CharactersController#update (for 127.0.0.1 at 2009-05-21 19:23:40) [PUT]
  Parameters: {"commit"=>"Update", "character"=>{"character_level"=>"80", "character_name"=>"Sangrail", "character_spec_2_name"=>"shadow", "character_spec_1_name"=>"Holy", "character_profession_1"=>"", "user_id"=>"2", "character_profession_2"=>"", "character_spec_1_utility"=>"heal", "character_spec_2_utility"=>"dps"}, "action"=>"update", "_method"=>"put", "authenticity_token"=>"2BtIL5yVovPc7FMnsOhiCFJaExgnSmfTgIuaPKQ5kG8=", "id"=>"3", "controller"=>"characters"}
  [4;35;1mCharacter Load (0.4ms)[0m   [0mSELECT * FROM "characters" WHERE ("characters"."id" = 3) [0m
  [4;36;1mCharacter Update (0.3ms)[0m   [0;1mUPDATE "characters" SET "character_name" = 'Sangrail', "updated_at" = '2009-05-22 00:23:40' WHERE "id" = 3[0m
Redirected to http://localhost:3000/characters/3
Completed in 16ms (DB: 1) | 302 Found [http://localhost/characters/3]


Processing CharactersController#show (for 127.0.0.1 at 2009-05-21 19:23:40) [GET]
  Parameters: {"action"=>"show", "id"=>"3", "controller"=>"characters"}
  [4;35;1mUser Load (0.4ms)[0m   [0mSELECT * FROM "users" WHERE ("users"."persistence_token" = 'a715c1b4cceca5e4f30126dd7e2f3032b509427a8098f976f897d62ebf46e8cf450e0ad7bb59ca598a96f90e14e2dbb6f69d5a8dbe4b58b9a0866ed2f5bfada1') LIMIT 1[0m
  [4;36;1mCharacter Load (0.3ms)[0m   [0;1mSELECT * FROM "characters" WHERE ("characters"."id" = 3 AND ("characters".user_id = 2)) [0m
Rendering template within layouts/application
Rendering characters/show
Completed in 24ms (View: 3, DB: 1) | 200 OK [http://localhost/characters/3]


Processing CharactersController#index (for 127.0.0.1 at 2009-05-21 19:23:42) [GET]
  Parameters: {"action"=>"index", "controller"=>"characters"}
  [4;35;1mUser Load (0.3ms)[0m   [0mSELECT * FROM "users" WHERE ("users"."persistence_token" = 'a715c1b4cceca5e4f30126dd7e2f3032b509427a8098f976f897d62ebf46e8cf450e0ad7bb59ca598a96f90e14e2dbb6f69d5a8dbe4b58b9a0866ed2f5bfada1') LIMIT 1[0m
  [4;36;1mCharacter Load (0.9ms)[0m   [0;1mSELECT * FROM "characters" WHERE ("characters".user_id = 2) ORDER BY character_level DESC[0m
Rendering template within layouts/application
Rendering characters/index
  [4;35;1mUser Load (0.3ms)[0m   [0mSELECT * FROM "users" WHERE ("users"."id" = 2) [0m
Completed in 101ms (View: 6, DB: 2) | 200 OK [http://localhost/characters]


Processing CharactersController#new (for 127.0.0.1 at 2009-05-21 19:23:44) [GET]
  Parameters: {"action"=>"new", "controller"=>"characters"}
Rendering template within layouts/application
Rendering characters/new
  [4;36;1mUser Load (0.4ms)[0m   [0;1mSELECT * FROM "users" WHERE ("users"."persistence_token" = 'a715c1b4cceca5e4f30126dd7e2f3032b509427a8098f976f897d62ebf46e8cf450e0ad7bb59ca598a96f90e14e2dbb6f69d5a8dbe4b58b9a0866ed2f5bfada1') LIMIT 1[0m
Completed in 24ms (View: 17, DB: 0) | 200 OK [http://localhost/characters/new]


Processing CharactersController#create (for 127.0.0.1 at 2009-05-21 19:24:41) [POST]
  Parameters: {"commit"=>"Create", "character"=>{"character_level"=>"80", "character_name"=>"Mistin", "character_spec_2_name"=>"feral", "character_spec_1_name"=>"restoration", "character_profession_1"=>"", "character_profession_2"=>"", "character_spec_1_utility"=>"heal", "character_spec_2_utility"=>"tank"}, "action"=>"create", "authenticity_token"=>"2BtIL5yVovPc7FMnsOhiCFJaExgnSmfTgIuaPKQ5kG8=", "controller"=>"characters"}
  [4;35;1mUser Load (0.4ms)[0m   [0mSELECT * FROM "users" WHERE ("users"."persistence_token" = 'a715c1b4cceca5e4f30126dd7e2f3032b509427a8098f976f897d62ebf46e8cf450e0ad7bb59ca598a96f90e14e2dbb6f69d5a8dbe4b58b9a0866ed2f5bfada1') LIMIT 1[0m
  [4;36;1mCharacter Create (0.4ms)[0m   [0;1mINSERT INTO "characters" ("updated_at", "character_level", "character_name", "character_spec_2_name", "character_spec_1_name", "user_id", "character_profession_1", "character_spec_1_utility", "character_profession_2", "character_spec_2_utility", "created_at") VALUES('2009-05-22 00:24:41', 80, 'Mistin', 'feral', 'restoration', 2, '', 'heal', '', 'tank', '2009-05-22 00:24:41')[0m
Redirected to http://localhost:3000/characters/4
Completed in 35ms (DB: 1) | 302 Found [http://localhost/characters]


Processing CharactersController#show (for 127.0.0.1 at 2009-05-21 19:24:42) [GET]
  Parameters: {"action"=>"show", "id"=>"4", "controller"=>"characters"}
  [4;35;1mUser Load (0.4ms)[0m   [0mSELECT * FROM "users" WHERE ("users"."persistence_token" = 'a715c1b4cceca5e4f30126dd7e2f3032b509427a8098f976f897d62ebf46e8cf450e0ad7bb59ca598a96f90e14e2dbb6f69d5a8dbe4b58b9a0866ed2f5bfada1') LIMIT 1[0m
  [4;36;1mCharacter Load (0.4ms)[0m   [0;1mSELECT * FROM "characters" WHERE ("characters"."id" = 4 AND ("characters".user_id = 2)) [0m
Rendering template within layouts/application
Rendering characters/show
Completed in 27ms (View: 6, DB: 1) | 200 OK [http://localhost/characters/4]


Processing CharactersController#index (for 127.0.0.1 at 2009-05-21 19:24:43) [GET]
  Parameters: {"action"=>"index", "controller"=>"characters"}
  [4;35;1mUser Load (0.4ms)[0m   [0mSELECT * FROM "users" WHERE ("users"."persistence_token" = 'a715c1b4cceca5e4f30126dd7e2f3032b509427a8098f976f897d62ebf46e8cf450e0ad7bb59ca598a96f90e14e2dbb6f69d5a8dbe4b58b9a0866ed2f5bfada1') LIMIT 1[0m
  [4;36;1mCharacter Load (1.0ms)[0m   [0;1mSELECT * FROM "characters" WHERE ("characters".user_id = 2) ORDER BY character_level DESC[0m
Rendering template within layouts/application
Rendering characters/index
  [4;35;1mUser Load (0.3ms)[0m   [0mSELECT * FROM "users" WHERE ("users"."id" = 2) [0m
  [4;36;1mCACHE (0.0ms)[0m   [0;1mSELECT * FROM "users" WHERE ("users"."id" = 2) [0m
Completed in 28ms (View: 7, DB: 2) | 200 OK [http://localhost/characters]


Processing CharactersController#index (for 127.0.0.1 at 2009-05-21 19:25:27) [GET]
  Parameters: {"action"=>"index", "controller"=>"characters"}

NameError (undefined local variable or method `characters' for #<CharactersController:0x20b21f4>):
  app/controllers/characters_controller.rb:5:in `index'

Rendered rescues/_trace (32.1ms)
Rendered rescues/_request_and_response (0.2ms)
Rendering rescues/layout (internal_server_error)


Processing CharactersController#index (for 127.0.0.1 at 2009-05-21 19:25:35) [GET]
  Parameters: {"action"=>"index", "controller"=>"characters"}

NameError (undefined local variable or method `character' for #<CharactersController:0x23929dc>):
  app/controllers/characters_controller.rb:5:in `index'

Rendered rescues/_trace (31.4ms)
Rendered rescues/_request_and_response (0.2ms)
Rendering rescues/layout (internal_server_error)


Processing CharactersController#index (for 127.0.0.1 at 2009-05-21 19:25:50) [GET]
  Parameters: {"action"=>"index", "controller"=>"characters"}
  [4;35;1mCharacter Load (1.3ms)[0m   [0mSELECT * FROM "characters" ORDER BY character_level DESC[0m
Rendering template within layouts/application
Rendering characters/index
  [4;36;1mUser Load (0.4ms)[0m   [0;1mSELECT * FROM "users" WHERE ("users"."id" = 1) [0m
  [4;35;1mUser Load (0.3ms)[0m   [0mSELECT * FROM "users" WHERE ("users"."id" = 2) [0m
  [4;36;1mCACHE (0.0ms)[0m   [0;1mSELECT * FROM "users" WHERE ("users"."id" = 2) [0m
  [4;35;1mCACHE (0.0ms)[0m   [0mSELECT * FROM "users" WHERE ("users"."id" = 1) [0m
  [4;36;1mUser Load (0.4ms)[0m   [0;1mSELECT * FROM "users" WHERE ("users"."persistence_token" = 'a715c1b4cceca5e4f30126dd7e2f3032b509427a8098f976f897d62ebf46e8cf450e0ad7bb59ca598a96f90e14e2dbb6f69d5a8dbe4b58b9a0866ed2f5bfada1') LIMIT 1[0m
Completed in 102ms (View: 95, DB: 2) | 200 OK [http://localhost/characters]


Processing CharactersController#index (for 127.0.0.1 at 2009-05-21 19:27:05) [GET]
  Parameters: {"action"=>"index", "controller"=>"characters"}
  [4;35;1mCharacter Load (1.4ms)[0m   [0mSELECT * FROM "characters" ORDER BY character_level DESC[0m
Rendering template within layouts/application
Rendering characters/index
  [4;36;1mUser Load (0.3ms)[0m   [0;1mSELECT * FROM "users" WHERE ("users"."id" = 1) [0m
  [4;35;1mUser Load (0.3ms)[0m   [0mSELECT * FROM "users" WHERE ("users"."id" = 2) [0m
  [4;36;1mCACHE (0.0ms)[0m   [0;1mSELECT * FROM "users" WHERE ("users"."id" = 2) [0m
  [4;35;1mCACHE (0.0ms)[0m   [0mSELECT * FROM "users" WHERE ("users"."id" = 1) [0m
  [4;36;1mUser Load (0.4ms)[0m   [0;1mSELECT * FROM "users" WHERE ("users"."persistence_token" = 'a715c1b4cceca5e4f30126dd7e2f3032b509427a8098f976f897d62ebf46e8cf450e0ad7bb59ca598a96f90e14e2dbb6f69d5a8dbe4b58b9a0866ed2f5bfada1') LIMIT 1[0m
Completed in 32ms (View: 25, DB: 2) | 200 OK [http://localhost/characters]


Processing CharactersController#index (for 127.0.0.1 at 2009-05-21 19:27:15) [GET]
  Parameters: {"action"=>"index", "controller"=>"characters"}
  [4;35;1mCharacter Load (1.5ms)[0m   [0mSELECT * FROM "characters" ORDER BY character_level DESC[0m
Rendering template within layouts/application
Rendering characters/index
  [4;36;1mUser Load (0.3ms)[0m   [0;1mSELECT * FROM "users" WHERE ("users"."id" = 1) [0m
  [4;35;1mUser Load (0.3ms)[0m   [0mSELECT * FROM "users" WHERE ("users"."id" = 2) [0m
  [4;36;1mCACHE (0.0ms)[0m   [0;1mSELECT * FROM "users" WHERE ("users"."id" = 2) [0m
  [4;35;1mCACHE (0.0ms)[0m   [0mSELECT * FROM "users" WHERE ("users"."id" = 1) [0m
  [4;36;1mUser Load (0.3ms)[0m   [0;1mSELECT * FROM "users" WHERE ("users"."persistence_token" = 'a715c1b4cceca5e4f30126dd7e2f3032b509427a8098f976f897d62ebf46e8cf450e0ad7bb59ca598a96f90e14e2dbb6f69d5a8dbe4b58b9a0866ed2f5bfada1') LIMIT 1[0m
Completed in 31ms (View: 24, DB: 2) | 200 OK [http://localhost/characters]


Processing CharactersController#index (for 127.0.0.1 at 2009-05-21 19:27:44) [GET]
  Parameters: {"action"=>"index", "controller"=>"characters"}
  [4;35;1mCharacter Load (1.5ms)[0m   [0mSELECT * FROM "characters" ORDER BY character_level DESC[0m
Rendering template within layouts/application
Rendering characters/index
  [4;36;1mUser Load (0.3ms)[0m   [0;1mSELECT * FROM "users" WHERE ("users"."id" = 1) [0m
  [4;35;1mUser Load (0.3ms)[0m   [0mSELECT * FROM "users" WHERE ("users"."id" = 2) [0m
  [4;36;1mCACHE (0.0ms)[0m   [0;1mSELECT * FROM "users" WHERE ("users"."id" = 2) [0m
  [4;35;1mCACHE (0.0ms)[0m   [0mSELECT * FROM "users" WHERE ("users"."id" = 1) [0m
  [4;36;1mUser Load (0.3ms)[0m   [0;1mSELECT * FROM "users" WHERE ("users"."persistence_token" = 'a715c1b4cceca5e4f30126dd7e2f3032b509427a8098f976f897d62ebf46e8cf450e0ad7bb59ca598a96f90e14e2dbb6f69d5a8dbe4b58b9a0866ed2f5bfada1') LIMIT 1[0m
Completed in 28ms (View: 21, DB: 2) | 200 OK [http://localhost/characters]


Processing CharactersController#index (for 127.0.0.1 at 2009-05-21 19:28:05) [GET]
  Parameters: {"action"=>"index", "controller"=>"characters"}
  [4;35;1mCharacter Load (1.3ms)[0m   [0mSELECT * FROM "characters" ORDER BY character_level DESC[0m
Rendering template within layouts/application
Rendering characters/index
  [4;36;1mUser Load (0.3ms)[0m   [0;1mSELECT * FROM "users" WHERE ("users"."id" = 1) [0m
  [4;35;1mUser Load (0.4ms)[0m   [0mSELECT * FROM "users" WHERE ("users"."id" = 2) [0m
  [4;36;1mCACHE (0.0ms)[0m   [0;1mSELECT * FROM "users" WHERE ("users"."id" = 2) [0m
  [4;35;1mCACHE (0.0ms)[0m   [0mSELECT * FROM "users" WHERE ("users"."id" = 1) [0m
  [4;36;1mUser Load (0.4ms)[0m   [0;1mSELECT * FROM "users" WHERE ("users"."persistence_token" = 'a715c1b4cceca5e4f30126dd7e2f3032b509427a8098f976f897d62ebf46e8cf450e0ad7bb59ca598a96f90e14e2dbb6f69d5a8dbe4b58b9a0866ed2f5bfada1') LIMIT 1[0m
Completed in 104ms (View: 97, DB: 2) | 200 OK [http://localhost/characters]
